{"D:\\Downloads\\SGU\\1. CNPM\\CNPM\\server_app\\API\\Controllers\\droneController.js": {"path":"D:\\Downloads\\SGU\\1. CNPM\\CNPM\\server_app\\API\\Controllers\\droneController.js","statementMap":{"0":{"start":{"line":1,"column":21},"end":{"line":1,"column":58}},"1":{"start":{"line":2,"column":14},"end":{"line":2,"column":40}},"2":{"start":{"line":7,"column":18},"end":{"line":29,"column":2}},"3":{"start":{"line":8,"column":34},"end":{"line":8,"column":43}},"4":{"start":{"line":10,"column":16},"end":{"line":10,"column":18}},"5":{"start":{"line":13,"column":4},"end":{"line":15,"column":5}},"6":{"start":{"line":14,"column":8},"end":{"line":14,"column":29}},"7":{"start":{"line":18,"column":4},"end":{"line":20,"column":5}},"8":{"start":{"line":19,"column":8},"end":{"line":19,"column":34}},"9":{"start":{"line":22,"column":19},"end":{"line":22,"column":61}},"10":{"start":{"line":24,"column":4},"end":{"line":28,"column":6}},"11":{"start":{"line":34,"column":21},"end":{"line":46,"column":2}},"12":{"start":{"line":35,"column":18},"end":{"line":35,"column":53}},"13":{"start":{"line":37,"column":4},"end":{"line":40,"column":5}},"14":{"start":{"line":38,"column":8},"end":{"line":38,"column":23}},"15":{"start":{"line":39,"column":8},"end":{"line":39,"column":42}},"16":{"start":{"line":42,"column":4},"end":{"line":45,"column":6}},"17":{"start":{"line":51,"column":20},"end":{"line":75,"column":2}},"18":{"start":{"line":53,"column":4},"end":{"line":58,"column":5}},"19":{"start":{"line":54,"column":8},"end":{"line":57,"column":9}},"20":{"start":{"line":60,"column":18},"end":{"line":60,"column":46}},"21":{"start":{"line":63,"column":15},"end":{"line":63,"column":32}},"22":{"start":{"line":64,"column":4},"end":{"line":69,"column":5}},"23":{"start":{"line":65,"column":8},"end":{"line":68,"column":10}},"24":{"start":{"line":71,"column":4},"end":{"line":74,"column":6}},"25":{"start":{"line":80,"column":20},"end":{"line":106,"column":2}},"26":{"start":{"line":81,"column":16},"end":{"line":81,"column":51}},"27":{"start":{"line":83,"column":4},"end":{"line":86,"column":5}},"28":{"start":{"line":84,"column":8},"end":{"line":84,"column":23}},"29":{"start":{"line":85,"column":8},"end":{"line":85,"column":42}},"30":{"start":{"line":88,"column":4},"end":{"line":91,"column":6}},"31":{"start":{"line":94,"column":15},"end":{"line":94,"column":32}},"32":{"start":{"line":95,"column":4},"end":{"line":100,"column":5}},"33":{"start":{"line":96,"column":8},"end":{"line":99,"column":10}},"34":{"start":{"line":102,"column":4},"end":{"line":105,"column":6}},"35":{"start":{"line":111,"column":20},"end":{"line":144,"column":2}},"36":{"start":{"line":112,"column":18},"end":{"line":112,"column":53}},"37":{"start":{"line":114,"column":4},"end":{"line":117,"column":5}},"38":{"start":{"line":115,"column":8},"end":{"line":115,"column":23}},"39":{"start":{"line":116,"column":8},"end":{"line":116,"column":42}},"40":{"start":{"line":120,"column":4},"end":{"line":123,"column":5}},"41":{"start":{"line":121,"column":8},"end":{"line":121,"column":23}},"42":{"start":{"line":122,"column":8},"end":{"line":122,"column":85}},"43":{"start":{"line":125,"column":22},"end":{"line":125,"column":38}},"44":{"start":{"line":127,"column":4},"end":{"line":127,"column":27}},"45":{"start":{"line":130,"column":15},"end":{"line":130,"column":32}},"46":{"start":{"line":131,"column":4},"end":{"line":137,"column":5}},"47":{"start":{"line":132,"column":8},"end":{"line":136,"column":10}},"48":{"start":{"line":139,"column":4},"end":{"line":143,"column":6}},"49":{"start":{"line":149,"column":28},"end":{"line":178,"column":2}},"50":{"start":{"line":150,"column":36},"end":{"line":150,"column":44}},"51":{"start":{"line":152,"column":18},"end":{"line":152,"column":53}},"52":{"start":{"line":154,"column":4},"end":{"line":157,"column":5}},"53":{"start":{"line":155,"column":8},"end":{"line":155,"column":23}},"54":{"start":{"line":156,"column":8},"end":{"line":156,"column":42}},"55":{"start":{"line":159,"column":4},"end":{"line":162,"column":5}},"56":{"start":{"line":164,"column":4},"end":{"line":164,"column":22}},"57":{"start":{"line":167,"column":15},"end":{"line":167,"column":32}},"58":{"start":{"line":168,"column":4},"end":{"line":172,"column":6}},"59":{"start":{"line":174,"column":4},"end":{"line":177,"column":6}},"60":{"start":{"line":183,"column":26},"end":{"line":200,"column":2}},"61":{"start":{"line":184,"column":23},"end":{"line":184,"column":31}},"62":{"start":{"line":186,"column":18},"end":{"line":186,"column":53}},"63":{"start":{"line":188,"column":4},"end":{"line":191,"column":5}},"64":{"start":{"line":189,"column":8},"end":{"line":189,"column":23}},"65":{"start":{"line":190,"column":8},"end":{"line":190,"column":42}},"66":{"start":{"line":193,"column":4},"end":{"line":193,"column":25}},"67":{"start":{"line":194,"column":4},"end":{"line":194,"column":22}},"68":{"start":{"line":196,"column":4},"end":{"line":199,"column":6}},"69":{"start":{"line":205,"column":27},"end":{"line":228,"column":2}},"70":{"start":{"line":206,"column":29},"end":{"line":206,"column":37}},"71":{"start":{"line":208,"column":18},"end":{"line":208,"column":53}},"72":{"start":{"line":210,"column":4},"end":{"line":213,"column":5}},"73":{"start":{"line":211,"column":8},"end":{"line":211,"column":23}},"74":{"start":{"line":212,"column":8},"end":{"line":212,"column":42}},"75":{"start":{"line":215,"column":4},"end":{"line":215,"column":37}},"76":{"start":{"line":218,"column":4},"end":{"line":220,"column":5}},"77":{"start":{"line":219,"column":8},"end":{"line":219,"column":33}},"78":{"start":{"line":222,"column":4},"end":{"line":222,"column":22}},"79":{"start":{"line":224,"column":4},"end":{"line":227,"column":6}},"80":{"start":{"line":233,"column":27},"end":{"line":315,"column":2}},"81":{"start":{"line":234,"column":24},"end":{"line":234,"column":32}},"82":{"start":{"line":235,"column":18},"end":{"line":235,"column":44}},"83":{"start":{"line":237,"column":18},"end":{"line":237,"column":53}},"84":{"start":{"line":239,"column":4},"end":{"line":242,"column":5}},"85":{"start":{"line":240,"column":8},"end":{"line":240,"column":23}},"86":{"start":{"line":241,"column":8},"end":{"line":241,"column":42}},"87":{"start":{"line":244,"column":4},"end":{"line":247,"column":5}},"88":{"start":{"line":245,"column":8},"end":{"line":245,"column":23}},"89":{"start":{"line":246,"column":8},"end":{"line":246,"column":49}},"90":{"start":{"line":249,"column":4},"end":{"line":252,"column":5}},"91":{"start":{"line":250,"column":8},"end":{"line":250,"column":23}},"92":{"start":{"line":251,"column":8},"end":{"line":251,"column":48}},"93":{"start":{"line":254,"column":18},"end":{"line":254,"column":47}},"94":{"start":{"line":256,"column":4},"end":{"line":259,"column":5}},"95":{"start":{"line":257,"column":8},"end":{"line":257,"column":23}},"96":{"start":{"line":258,"column":8},"end":{"line":258,"column":42}},"97":{"start":{"line":264,"column":4},"end":{"line":264,"column":27}},"98":{"start":{"line":267,"column":4},"end":{"line":267,"column":22}},"99":{"start":{"line":270,"column":4},"end":{"line":270,"column":25}},"100":{"start":{"line":271,"column":4},"end":{"line":271,"column":34}},"101":{"start":{"line":272,"column":4},"end":{"line":272,"column":22}},"102":{"start":{"line":275,"column":26},"end":{"line":275,"column":54}},"103":{"start":{"line":276,"column":4},"end":{"line":306,"column":5}},"104":{"start":{"line":278,"column":31},"end":{"line":280,"column":43}},"105":{"start":{"line":283,"column":8},"end":{"line":293,"column":10}},"106":{"start":{"line":296,"column":30},"end":{"line":302,"column":9}},"107":{"start":{"line":304,"column":8},"end":{"line":304,"column":93}},"108":{"start":{"line":305,"column":8},"end":{"line":305,"column":93}},"109":{"start":{"line":308,"column":4},"end":{"line":314,"column":6}},"110":{"start":{"line":320,"column":24},"end":{"line":347,"column":2}},"111":{"start":{"line":321,"column":45},"end":{"line":321,"column":54}},"112":{"start":{"line":323,"column":4},"end":{"line":326,"column":5}},"113":{"start":{"line":324,"column":8},"end":{"line":324,"column":23}},"114":{"start":{"line":325,"column":8},"end":{"line":325,"column":64}},"115":{"start":{"line":328,"column":19},"end":{"line":340,"column":6}},"116":{"start":{"line":342,"column":4},"end":{"line":346,"column":6}},"117":{"start":{"line":352,"column":22},"end":{"line":388,"column":2}},"118":{"start":{"line":353,"column":18},"end":{"line":353,"column":44}},"119":{"start":{"line":355,"column":18},"end":{"line":355,"column":53}},"120":{"start":{"line":357,"column":4},"end":{"line":360,"column":5}},"121":{"start":{"line":358,"column":8},"end":{"line":358,"column":23}},"122":{"start":{"line":359,"column":8},"end":{"line":359,"column":42}},"123":{"start":{"line":363,"column":28},"end":{"line":366,"column":6}},"124":{"start":{"line":369,"column":27},"end":{"line":372,"column":6}},"125":{"start":{"line":375,"column":28},"end":{"line":375,"column":55}},"126":{"start":{"line":377,"column":4},"end":{"line":387,"column":6}},"127":{"start":{"line":390,"column":0},"end":{"line":402,"column":1}}},"fnMap":{"0":{"name":"(anonymous_0)","decl":{"start":{"line":7,"column":31},"end":{"line":7,"column":32}},"loc":{"start":{"line":7,"column":50},"end":{"line":29,"column":1}},"line":7},"1":{"name":"(anonymous_1)","decl":{"start":{"line":34,"column":34},"end":{"line":34,"column":35}},"loc":{"start":{"line":34,"column":53},"end":{"line":46,"column":1}},"line":34},"2":{"name":"(anonymous_2)","decl":{"start":{"line":51,"column":33},"end":{"line":51,"column":34}},"loc":{"start":{"line":51,"column":52},"end":{"line":75,"column":1}},"line":51},"3":{"name":"(anonymous_3)","decl":{"start":{"line":80,"column":33},"end":{"line":80,"column":34}},"loc":{"start":{"line":80,"column":52},"end":{"line":106,"column":1}},"line":80},"4":{"name":"(anonymous_4)","decl":{"start":{"line":111,"column":33},"end":{"line":111,"column":34}},"loc":{"start":{"line":111,"column":52},"end":{"line":144,"column":1}},"line":111},"5":{"name":"(anonymous_5)","decl":{"start":{"line":149,"column":41},"end":{"line":149,"column":42}},"loc":{"start":{"line":149,"column":60},"end":{"line":178,"column":1}},"line":149},"6":{"name":"(anonymous_6)","decl":{"start":{"line":183,"column":39},"end":{"line":183,"column":40}},"loc":{"start":{"line":183,"column":58},"end":{"line":200,"column":1}},"line":183},"7":{"name":"(anonymous_7)","decl":{"start":{"line":205,"column":40},"end":{"line":205,"column":41}},"loc":{"start":{"line":205,"column":59},"end":{"line":228,"column":1}},"line":205},"8":{"name":"(anonymous_8)","decl":{"start":{"line":233,"column":40},"end":{"line":233,"column":41}},"loc":{"start":{"line":233,"column":59},"end":{"line":315,"column":1}},"line":233},"9":{"name":"(anonymous_9)","decl":{"start":{"line":320,"column":37},"end":{"line":320,"column":38}},"loc":{"start":{"line":320,"column":56},"end":{"line":347,"column":1}},"line":320},"10":{"name":"(anonymous_10)","decl":{"start":{"line":352,"column":35},"end":{"line":352,"column":36}},"loc":{"start":{"line":352,"column":54},"end":{"line":388,"column":1}},"line":352}},"branchMap":{"0":{"loc":{"start":{"line":13,"column":4},"end":{"line":15,"column":5}},"type":"if","locations":[{"start":{"line":13,"column":4},"end":{"line":15,"column":5}},{"start":{},"end":{}}],"line":13},"1":{"loc":{"start":{"line":18,"column":4},"end":{"line":20,"column":5}},"type":"if","locations":[{"start":{"line":18,"column":4},"end":{"line":20,"column":5}},{"start":{},"end":{}}],"line":18},"2":{"loc":{"start":{"line":37,"column":4},"end":{"line":40,"column":5}},"type":"if","locations":[{"start":{"line":37,"column":4},"end":{"line":40,"column":5}},{"start":{},"end":{}}],"line":37},"3":{"loc":{"start":{"line":53,"column":4},"end":{"line":58,"column":5}},"type":"if","locations":[{"start":{"line":53,"column":4},"end":{"line":58,"column":5}},{"start":{},"end":{}}],"line":53},"4":{"loc":{"start":{"line":53,"column":8},"end":{"line":53,"column":58}},"type":"binary-expr","locations":[{"start":{"line":53,"column":8},"end":{"line":53,"column":29}},{"start":{"line":53,"column":33},"end":{"line":53,"column":58}}],"line":53},"5":{"loc":{"start":{"line":64,"column":4},"end":{"line":69,"column":5}},"type":"if","locations":[{"start":{"line":64,"column":4},"end":{"line":69,"column":5}},{"start":{},"end":{}}],"line":64},"6":{"loc":{"start":{"line":83,"column":4},"end":{"line":86,"column":5}},"type":"if","locations":[{"start":{"line":83,"column":4},"end":{"line":86,"column":5}},{"start":{},"end":{}}],"line":83},"7":{"loc":{"start":{"line":95,"column":4},"end":{"line":100,"column":5}},"type":"if","locations":[{"start":{"line":95,"column":4},"end":{"line":100,"column":5}},{"start":{},"end":{}}],"line":95},"8":{"loc":{"start":{"line":114,"column":4},"end":{"line":117,"column":5}},"type":"if","locations":[{"start":{"line":114,"column":4},"end":{"line":117,"column":5}},{"start":{},"end":{}}],"line":114},"9":{"loc":{"start":{"line":120,"column":4},"end":{"line":123,"column":5}},"type":"if","locations":[{"start":{"line":120,"column":4},"end":{"line":123,"column":5}},{"start":{},"end":{}}],"line":120},"10":{"loc":{"start":{"line":131,"column":4},"end":{"line":137,"column":5}},"type":"if","locations":[{"start":{"line":131,"column":4},"end":{"line":137,"column":5}},{"start":{},"end":{}}],"line":131},"11":{"loc":{"start":{"line":154,"column":4},"end":{"line":157,"column":5}},"type":"if","locations":[{"start":{"line":154,"column":4},"end":{"line":157,"column":5}},{"start":{},"end":{}}],"line":154},"12":{"loc":{"start":{"line":188,"column":4},"end":{"line":191,"column":5}},"type":"if","locations":[{"start":{"line":188,"column":4},"end":{"line":191,"column":5}},{"start":{},"end":{}}],"line":188},"13":{"loc":{"start":{"line":210,"column":4},"end":{"line":213,"column":5}},"type":"if","locations":[{"start":{"line":210,"column":4},"end":{"line":213,"column":5}},{"start":{},"end":{}}],"line":210},"14":{"loc":{"start":{"line":218,"column":4},"end":{"line":220,"column":5}},"type":"if","locations":[{"start":{"line":218,"column":4},"end":{"line":220,"column":5}},{"start":{},"end":{}}],"line":218},"15":{"loc":{"start":{"line":239,"column":4},"end":{"line":242,"column":5}},"type":"if","locations":[{"start":{"line":239,"column":4},"end":{"line":242,"column":5}},{"start":{},"end":{}}],"line":239},"16":{"loc":{"start":{"line":244,"column":4},"end":{"line":247,"column":5}},"type":"if","locations":[{"start":{"line":244,"column":4},"end":{"line":247,"column":5}},{"start":{},"end":{}}],"line":244},"17":{"loc":{"start":{"line":249,"column":4},"end":{"line":252,"column":5}},"type":"if","locations":[{"start":{"line":249,"column":4},"end":{"line":252,"column":5}},{"start":{},"end":{}}],"line":249},"18":{"loc":{"start":{"line":256,"column":4},"end":{"line":259,"column":5}},"type":"if","locations":[{"start":{"line":256,"column":4},"end":{"line":259,"column":5}},{"start":{},"end":{}}],"line":256},"19":{"loc":{"start":{"line":276,"column":4},"end":{"line":306,"column":5}},"type":"if","locations":[{"start":{"line":276,"column":4},"end":{"line":306,"column":5}},{"start":{},"end":{}}],"line":276},"20":{"loc":{"start":{"line":321,"column":22},"end":{"line":321,"column":40}},"type":"default-arg","locations":[{"start":{"line":321,"column":36},"end":{"line":321,"column":40}}],"line":321},"21":{"loc":{"start":{"line":323,"column":4},"end":{"line":326,"column":5}},"type":"if","locations":[{"start":{"line":323,"column":4},"end":{"line":326,"column":5}},{"start":{},"end":{}}],"line":323},"22":{"loc":{"start":{"line":323,"column":8},"end":{"line":323,"column":20}},"type":"binary-expr","locations":[{"start":{"line":323,"column":8},"end":{"line":323,"column":12}},{"start":{"line":323,"column":16},"end":{"line":323,"column":20}}],"line":323},"23":{"loc":{"start":{"line":357,"column":4},"end":{"line":360,"column":5}},"type":"if","locations":[{"start":{"line":357,"column":4},"end":{"line":360,"column":5}},{"start":{},"end":{}}],"line":357},"24":{"loc":{"start":{"line":375,"column":28},"end":{"line":375,"column":55}},"type":"binary-expr","locations":[{"start":{"line":375,"column":28},"end":{"line":375,"column":50}},{"start":{"line":375,"column":54},"end":{"line":375,"column":55}}],"line":375}},"s":{"0":4,"1":4,"2":4,"3":0,"4":0,"5":0,"6":0,"7":0,"8":0,"9":0,"10":0,"11":4,"12":0,"13":0,"14":0,"15":0,"16":0,"17":4,"18":0,"19":0,"20":0,"21":0,"22":0,"23":0,"24":0,"25":4,"26":0,"27":0,"28":0,"29":0,"30":0,"31":0,"32":0,"33":0,"34":0,"35":4,"36":0,"37":0,"38":0,"39":0,"40":0,"41":0,"42":0,"43":0,"44":0,"45":0,"46":0,"47":0,"48":0,"49":4,"50":0,"51":0,"52":0,"53":0,"54":0,"55":0,"56":0,"57":0,"58":0,"59":0,"60":4,"61":0,"62":0,"63":0,"64":0,"65":0,"66":0,"67":0,"68":0,"69":4,"70":0,"71":0,"72":0,"73":0,"74":0,"75":0,"76":0,"77":0,"78":0,"79":0,"80":4,"81":0,"82":0,"83":0,"84":0,"85":0,"86":0,"87":0,"88":0,"89":0,"90":0,"91":0,"92":0,"93":0,"94":0,"95":0,"96":0,"97":0,"98":0,"99":0,"100":0,"101":0,"102":0,"103":0,"104":0,"105":0,"106":0,"107":0,"108":0,"109":0,"110":4,"111":2,"112":2,"113":1,"114":1,"115":1,"116":0,"117":4,"118":0,"119":0,"120":0,"121":0,"122":0,"123":0,"124":0,"125":0,"126":0,"127":4},"f":{"0":0,"1":0,"2":0,"3":0,"4":0,"5":0,"6":0,"7":0,"8":0,"9":2,"10":0},"b":{"0":[0,0],"1":[0,0],"2":[0,0],"3":[0,0],"4":[0,0],"5":[0,0],"6":[0,0],"7":[0,0],"8":[0,0],"9":[0,0],"10":[0,0],"11":[0,0],"12":[0,0],"13":[0,0],"14":[0,0],"15":[0,0],"16":[0,0],"17":[0,0],"18":[0,0],"19":[0,0],"20":[2],"21":[1,1],"22":[2,1],"23":[0,0],"24":[0,0]},"_coverageSchema":"1a1c01bbd47fc00a2c39e90264f33305004495a9","hash":"5ed48dce988ea6fd943ca51310e1a9c34647ba54"}
,"D:\\Downloads\\SGU\\1. CNPM\\CNPM\\server_app\\API\\Controllers\\orderController.js": {"path":"D:\\Downloads\\SGU\\1. CNPM\\CNPM\\server_app\\API\\Controllers\\orderController.js","statementMap":{"0":{"start":{"line":1,"column":21},"end":{"line":1,"column":58}},"1":{"start":{"line":2,"column":14},"end":{"line":2,"column":40}},"2":{"start":{"line":3,"column":16},"end":{"line":3,"column":44}},"3":{"start":{"line":4,"column":19},"end":{"line":4,"column":50}},"4":{"start":{"line":5,"column":19},"end":{"line":5,"column":50}},"5":{"start":{"line":6,"column":16},"end":{"line":6,"column":44}},"6":{"start":{"line":7,"column":21},"end":{"line":7,"column":54}},"7":{"start":{"line":8,"column":32},"end":{"line":8,"column":74}},"8":{"start":{"line":9,"column":36},"end":{"line":9,"column":76}},"9":{"start":{"line":10,"column":19},"end":{"line":10,"column":50}},"10":{"start":{"line":11,"column":14},"end":{"line":11,"column":30}},"11":{"start":{"line":12,"column":15},"end":{"line":12,"column":32}},"12":{"start":{"line":13,"column":15},"end":{"line":13,"column":32}},"13":{"start":{"line":18,"column":22},"end":{"line":74,"column":1}},"14":{"start":{"line":19,"column":16},"end":{"line":19,"column":26}},"15":{"start":{"line":20,"column":21},"end":{"line":20,"column":25}},"16":{"start":{"line":22,"column":4},"end":{"line":71,"column":5}},"17":{"start":{"line":23,"column":8},"end":{"line":64,"column":9}},"18":{"start":{"line":25,"column":12},"end":{"line":25,"column":50}},"19":{"start":{"line":27,"column":12},"end":{"line":38,"column":14}},"20":{"start":{"line":41,"column":30},"end":{"line":41,"column":96}},"21":{"start":{"line":43,"column":12},"end":{"line":50,"column":14}},"22":{"start":{"line":52,"column":12},"end":{"line":52,"column":41}},"23":{"start":{"line":54,"column":12},"end":{"line":54,"column":56}},"24":{"start":{"line":55,"column":12},"end":{"line":55,"column":50}},"25":{"start":{"line":56,"column":12},"end":{"line":62,"column":13}},"26":{"start":{"line":63,"column":12},"end":{"line":63,"column":41}},"27":{"start":{"line":65,"column":11},"end":{"line":71,"column":5}},"28":{"start":{"line":66,"column":8},"end":{"line":69,"column":9}},"29":{"start":{"line":70,"column":8},"end":{"line":70,"column":37}},"30":{"start":{"line":73,"column":4},"end":{"line":73,"column":21}},"31":{"start":{"line":79,"column":20},"end":{"line":517,"column":2}},"32":{"start":{"line":88,"column":8},"end":{"line":88,"column":16}},"33":{"start":{"line":90,"column":4},"end":{"line":90,"column":138}},"34":{"start":{"line":92,"column":4},"end":{"line":95,"column":5}},"35":{"start":{"line":93,"column":8},"end":{"line":93,"column":23}},"36":{"start":{"line":94,"column":8},"end":{"line":94,"column":41}},"37":{"start":{"line":98,"column":4},"end":{"line":101,"column":5}},"38":{"start":{"line":99,"column":8},"end":{"line":99,"column":23}},"39":{"start":{"line":100,"column":8},"end":{"line":100,"column":59}},"40":{"start":{"line":105,"column":19},"end":{"line":105,"column":20}},"41":{"start":{"line":106,"column":23},"end":{"line":106,"column":27}},"42":{"start":{"line":109,"column":27},"end":{"line":109,"column":36}},"43":{"start":{"line":111,"column":23},"end":{"line":111,"column":25}},"44":{"start":{"line":113,"column":4},"end":{"line":220,"column":5}},"45":{"start":{"line":114,"column":24},"end":{"line":114,"column":97}},"46":{"start":{"line":115,"column":8},"end":{"line":118,"column":9}},"47":{"start":{"line":116,"column":12},"end":{"line":116,"column":27}},"48":{"start":{"line":117,"column":12},"end":{"line":117,"column":65}},"49":{"start":{"line":120,"column":25},"end":{"line":120,"column":109}},"50":{"start":{"line":121,"column":8},"end":{"line":124,"column":9}},"51":{"start":{"line":122,"column":12},"end":{"line":122,"column":27}},"52":{"start":{"line":123,"column":12},"end":{"line":123,"column":64}},"53":{"start":{"line":127,"column":8},"end":{"line":129,"column":9}},"54":{"start":{"line":128,"column":12},"end":{"line":128,"column":35}},"55":{"start":{"line":132,"column":8},"end":{"line":135,"column":9}},"56":{"start":{"line":133,"column":12},"end":{"line":133,"column":27}},"57":{"start":{"line":134,"column":12},"end":{"line":134,"column":78}},"58":{"start":{"line":138,"column":25},"end":{"line":138,"column":38}},"59":{"start":{"line":139,"column":30},"end":{"line":139,"column":43}},"60":{"start":{"line":140,"column":31},"end":{"line":140,"column":35}},"61":{"start":{"line":141,"column":30},"end":{"line":145,"column":9}},"62":{"start":{"line":146,"column":20},"end":{"line":146,"column":30}},"63":{"start":{"line":148,"column":8},"end":{"line":176,"column":9}},"64":{"start":{"line":149,"column":30},"end":{"line":149,"column":60}},"65":{"start":{"line":150,"column":30},"end":{"line":156,"column":14}},"66":{"start":{"line":158,"column":12},"end":{"line":175,"column":13}},"67":{"start":{"line":159,"column":39},"end":{"line":159,"column":88}},"68":{"start":{"line":160,"column":16},"end":{"line":160,"column":59}},"69":{"start":{"line":163,"column":16},"end":{"line":168,"column":17}},"70":{"start":{"line":170,"column":16},"end":{"line":174,"column":17}},"71":{"start":{"line":179,"column":8},"end":{"line":191,"column":9}},"72":{"start":{"line":180,"column":29},"end":{"line":180,"column":50}},"73":{"start":{"line":181,"column":12},"end":{"line":190,"column":13}},"74":{"start":{"line":182,"column":39},"end":{"line":182,"column":71}},"75":{"start":{"line":183,"column":16},"end":{"line":183,"column":59}},"76":{"start":{"line":185,"column":16},"end":{"line":189,"column":17}},"77":{"start":{"line":194,"column":34},"end":{"line":194,"column":56}},"78":{"start":{"line":196,"column":29},"end":{"line":196,"column":62}},"79":{"start":{"line":197,"column":8},"end":{"line":197,"column":32}},"80":{"start":{"line":199,"column":8},"end":{"line":201,"column":9}},"81":{"start":{"line":200,"column":12},"end":{"line":200,"column":68}},"82":{"start":{"line":202,"column":22},"end":{"line":202,"column":50}},"83":{"start":{"line":203,"column":8},"end":{"line":208,"column":10}},"84":{"start":{"line":209,"column":8},"end":{"line":209,"column":38}},"85":{"start":{"line":212,"column":8},"end":{"line":219,"column":10}},"86":{"start":{"line":222,"column":4},"end":{"line":225,"column":5}},"87":{"start":{"line":223,"column":8},"end":{"line":223,"column":23}},"88":{"start":{"line":224,"column":8},"end":{"line":224,"column":47}},"89":{"start":{"line":228,"column":23},"end":{"line":228,"column":62}},"90":{"start":{"line":229,"column":4},"end":{"line":232,"column":5}},"91":{"start":{"line":230,"column":8},"end":{"line":230,"column":24}},"92":{"start":{"line":231,"column":8},"end":{"line":231,"column":85}},"93":{"start":{"line":233,"column":31},"end":{"line":233,"column":62}},"94":{"start":{"line":235,"column":28},"end":{"line":235,"column":75}},"95":{"start":{"line":236,"column":4},"end":{"line":239,"column":5}},"96":{"start":{"line":237,"column":8},"end":{"line":237,"column":24}},"97":{"start":{"line":238,"column":8},"end":{"line":238,"column":109}},"98":{"start":{"line":240,"column":31},"end":{"line":240,"column":46}},"99":{"start":{"line":243,"column":24},"end":{"line":243,"column":89}},"100":{"start":{"line":244,"column":21},"end":{"line":244,"column":41}},"101":{"start":{"line":245,"column":30},"end":{"line":245,"column":50}},"102":{"start":{"line":246,"column":26},"end":{"line":246,"column":44}},"103":{"start":{"line":248,"column":24},"end":{"line":248,"column":54}},"104":{"start":{"line":249,"column":23},"end":{"line":249,"column":54}},"105":{"start":{"line":252,"column":30},"end":{"line":252,"column":32}},"106":{"start":{"line":253,"column":4},"end":{"line":259,"column":5}},"107":{"start":{"line":254,"column":8},"end":{"line":254,"column":420}},"108":{"start":{"line":255,"column":11},"end":{"line":259,"column":5}},"109":{"start":{"line":256,"column":8},"end":{"line":256,"column":459}},"110":{"start":{"line":258,"column":8},"end":{"line":258,"column":188}},"111":{"start":{"line":263,"column":25},"end":{"line":263,"column":26}},"112":{"start":{"line":264,"column":25},"end":{"line":264,"column":29}},"113":{"start":{"line":265,"column":21},"end":{"line":265,"column":25}},"114":{"start":{"line":267,"column":4},"end":{"line":319,"column":5}},"115":{"start":{"line":268,"column":8},"end":{"line":318,"column":9}},"116":{"start":{"line":270,"column":12},"end":{"line":273,"column":14}},"117":{"start":{"line":275,"column":12},"end":{"line":278,"column":13}},"118":{"start":{"line":276,"column":16},"end":{"line":276,"column":31}},"119":{"start":{"line":277,"column":16},"end":{"line":277,"column":59}},"120":{"start":{"line":280,"column":12},"end":{"line":283,"column":13}},"121":{"start":{"line":281,"column":16},"end":{"line":281,"column":31}},"122":{"start":{"line":282,"column":16},"end":{"line":282,"column":71}},"123":{"start":{"line":286,"column":34},"end":{"line":289,"column":14}},"124":{"start":{"line":291,"column":12},"end":{"line":294,"column":13}},"125":{"start":{"line":292,"column":16},"end":{"line":292,"column":31}},"126":{"start":{"line":293,"column":16},"end":{"line":293,"column":65}},"127":{"start":{"line":297,"column":12},"end":{"line":300,"column":13}},"128":{"start":{"line":298,"column":16},"end":{"line":298,"column":31}},"129":{"start":{"line":299,"column":16},"end":{"line":299,"column":101}},"130":{"start":{"line":303,"column":12},"end":{"line":303,"column":67}},"131":{"start":{"line":305,"column":12},"end":{"line":313,"column":13}},"132":{"start":{"line":315,"column":12},"end":{"line":315,"column":50}},"133":{"start":{"line":317,"column":12},"end":{"line":317,"column":23}},"134":{"start":{"line":321,"column":24},"end":{"line":321,"column":63}},"135":{"start":{"line":324,"column":4},"end":{"line":334,"column":5}},"136":{"start":{"line":325,"column":8},"end":{"line":332,"column":14}},"137":{"start":{"line":337,"column":34},"end":{"line":337,"column":36}},"138":{"start":{"line":338,"column":4},"end":{"line":350,"column":5}},"139":{"start":{"line":339,"column":8},"end":{"line":349,"column":9}},"140":{"start":{"line":341,"column":12},"end":{"line":348,"column":13}},"141":{"start":{"line":341,"column":49},"end":{"line":341,"column":96}},"142":{"start":{"line":342,"column":16},"end":{"line":347,"column":18}},"143":{"start":{"line":353,"column":37},"end":{"line":359,"column":5}},"144":{"start":{"line":361,"column":18},"end":{"line":382,"column":6}},"145":{"start":{"line":386,"column":4},"end":{"line":403,"column":5}},"146":{"start":{"line":387,"column":8},"end":{"line":400,"column":10}},"147":{"start":{"line":393,"column":57},"end":{"line":399,"column":13}},"148":{"start":{"line":402,"column":8},"end":{"line":402,"column":58}},"149":{"start":{"line":406,"column":4},"end":{"line":426,"column":5}},"150":{"start":{"line":407,"column":8},"end":{"line":425,"column":9}},"151":{"start":{"line":408,"column":12},"end":{"line":413,"column":14}},"152":{"start":{"line":416,"column":12},"end":{"line":418,"column":14}},"153":{"start":{"line":420,"column":12},"end":{"line":420,"column":67}},"154":{"start":{"line":422,"column":12},"end":{"line":422,"column":52}},"155":{"start":{"line":423,"column":12},"end":{"line":423,"column":27}},"156":{"start":{"line":424,"column":12},"end":{"line":424,"column":56}},"157":{"start":{"line":429,"column":4},"end":{"line":437,"column":5}},"158":{"start":{"line":430,"column":8},"end":{"line":436,"column":9}},"159":{"start":{"line":431,"column":12},"end":{"line":433,"column":14}},"160":{"start":{"line":435,"column":12},"end":{"line":435,"column":84}},"161":{"start":{"line":439,"column":4},"end":{"line":439,"column":57}},"162":{"start":{"line":442,"column":4},"end":{"line":490,"column":5}},"163":{"start":{"line":443,"column":19},"end":{"line":443,"column":36}},"164":{"start":{"line":445,"column":31},"end":{"line":445,"column":93}},"165":{"start":{"line":448,"column":8},"end":{"line":487,"column":9}},"166":{"start":{"line":449,"column":12},"end":{"line":486,"column":13}},"167":{"start":{"line":450,"column":33},"end":{"line":450,"column":55}},"168":{"start":{"line":452,"column":29},"end":{"line":452,"column":67}},"169":{"start":{"line":453,"column":33},"end":{"line":453,"column":53}},"170":{"start":{"line":455,"column":16},"end":{"line":455,"column":214}},"171":{"start":{"line":457,"column":16},"end":{"line":483,"column":17}},"172":{"start":{"line":458,"column":20},"end":{"line":480,"column":22}},"173":{"start":{"line":465,"column":41},"end":{"line":465,"column":108}},"174":{"start":{"line":465,"column":64},"end":{"line":465,"column":107}},"175":{"start":{"line":466,"column":28},"end":{"line":466,"column":41}},"176":{"start":{"line":467,"column":38},"end":{"line":473,"column":25}},"177":{"start":{"line":482,"column":20},"end":{"line":482,"column":117}},"178":{"start":{"line":485,"column":16},"end":{"line":485,"column":88}},"179":{"start":{"line":489,"column":8},"end":{"line":489,"column":53}},"180":{"start":{"line":493,"column":4},"end":{"line":511,"column":5}},"181":{"start":{"line":494,"column":19},"end":{"line":494,"column":36}},"182":{"start":{"line":495,"column":31},"end":{"line":501,"column":9}},"183":{"start":{"line":503,"column":8},"end":{"line":503,"column":83}},"184":{"start":{"line":504,"column":8},"end":{"line":507,"column":9}},"185":{"start":{"line":505,"column":12},"end":{"line":505,"column":52}},"186":{"start":{"line":506,"column":12},"end":{"line":506,"column":69}},"187":{"start":{"line":508,"column":8},"end":{"line":508,"column":79}},"188":{"start":{"line":510,"column":8},"end":{"line":510,"column":57}},"189":{"start":{"line":513,"column":4},"end":{"line":516,"column":6}},"190":{"start":{"line":522,"column":18},"end":{"line":556,"column":2}},"191":{"start":{"line":523,"column":16},"end":{"line":523,"column":18}},"192":{"start":{"line":526,"column":4},"end":{"line":540,"column":5}},"193":{"start":{"line":527,"column":8},"end":{"line":530,"column":9}},"194":{"start":{"line":528,"column":12},"end":{"line":528,"column":27}},"195":{"start":{"line":529,"column":12},"end":{"line":529,"column":68}},"196":{"start":{"line":531,"column":8},"end":{"line":531,"column":53}},"197":{"start":{"line":532,"column":11},"end":{"line":540,"column":5}},"198":{"start":{"line":534,"column":8},"end":{"line":536,"column":9}},"199":{"start":{"line":535,"column":12},"end":{"line":535,"column":43}},"200":{"start":{"line":539,"column":8},"end":{"line":539,"column":38}},"201":{"start":{"line":542,"column":19},"end":{"line":550,"column":15}},"202":{"start":{"line":552,"column":4},"end":{"line":555,"column":6}},"203":{"start":{"line":561,"column":21},"end":{"line":583,"column":2}},"204":{"start":{"line":562,"column":18},"end":{"line":566,"column":56}},"205":{"start":{"line":568,"column":4},"end":{"line":571,"column":5}},"206":{"start":{"line":569,"column":8},"end":{"line":569,"column":23}},"207":{"start":{"line":570,"column":8},"end":{"line":570,"column":42}},"208":{"start":{"line":574,"column":4},"end":{"line":577,"column":5}},"209":{"start":{"line":575,"column":8},"end":{"line":575,"column":23}},"210":{"start":{"line":576,"column":8},"end":{"line":576,"column":41}},"211":{"start":{"line":579,"column":4},"end":{"line":582,"column":6}},"212":{"start":{"line":588,"column":26},"end":{"line":750,"column":2}},"213":{"start":{"line":589,"column":31},"end":{"line":589,"column":39}},"214":{"start":{"line":591,"column":18},"end":{"line":591,"column":53}},"215":{"start":{"line":593,"column":4},"end":{"line":596,"column":5}},"216":{"start":{"line":594,"column":8},"end":{"line":594,"column":23}},"217":{"start":{"line":595,"column":8},"end":{"line":595,"column":42}},"218":{"start":{"line":599,"column":4},"end":{"line":604,"column":5}},"219":{"start":{"line":600,"column":8},"end":{"line":603,"column":9}},"220":{"start":{"line":601,"column":12},"end":{"line":601,"column":27}},"221":{"start":{"line":602,"column":12},"end":{"line":602,"column":66}},"222":{"start":{"line":607,"column":4},"end":{"line":610,"column":5}},"223":{"start":{"line":608,"column":8},"end":{"line":608,"column":23}},"224":{"start":{"line":609,"column":8},"end":{"line":609,"column":51}},"225":{"start":{"line":613,"column":4},"end":{"line":616,"column":5}},"226":{"start":{"line":614,"column":8},"end":{"line":614,"column":23}},"227":{"start":{"line":615,"column":8},"end":{"line":615,"column":85}},"228":{"start":{"line":618,"column":4},"end":{"line":618,"column":25}},"229":{"start":{"line":621,"column":16},"end":{"line":621,"column":26}},"230":{"start":{"line":622,"column":21},"end":{"line":622,"column":25}},"231":{"start":{"line":624,"column":4},"end":{"line":624,"column":55}},"232":{"start":{"line":624,"column":32},"end":{"line":624,"column":55}},"233":{"start":{"line":625,"column":4},"end":{"line":625,"column":55}},"234":{"start":{"line":625,"column":32},"end":{"line":625,"column":55}},"235":{"start":{"line":626,"column":4},"end":{"line":626,"column":47}},"236":{"start":{"line":626,"column":28},"end":{"line":626,"column":47}},"237":{"start":{"line":627,"column":4},"end":{"line":627,"column":54}},"238":{"start":{"line":627,"column":32},"end":{"line":627,"column":54}},"239":{"start":{"line":628,"column":4},"end":{"line":628,"column":57}},"240":{"start":{"line":628,"column":33},"end":{"line":628,"column":57}},"241":{"start":{"line":629,"column":4},"end":{"line":632,"column":5}},"242":{"start":{"line":630,"column":8},"end":{"line":630,"column":31}},"243":{"start":{"line":631,"column":8},"end":{"line":631,"column":36}},"244":{"start":{"line":635,"column":4},"end":{"line":693,"column":5}},"245":{"start":{"line":636,"column":8},"end":{"line":636,"column":31}},"246":{"start":{"line":637,"column":8},"end":{"line":637,"column":97}},"247":{"start":{"line":640,"column":8},"end":{"line":671,"column":9}},"248":{"start":{"line":642,"column":12},"end":{"line":657,"column":13}},"249":{"start":{"line":643,"column":16},"end":{"line":656,"column":17}},"250":{"start":{"line":644,"column":34},"end":{"line":644,"column":82}},"251":{"start":{"line":645,"column":20},"end":{"line":653,"column":21}},"252":{"start":{"line":647,"column":24},"end":{"line":651,"column":25}},"253":{"start":{"line":648,"column":28},"end":{"line":648,"column":104}},"254":{"start":{"line":650,"column":28},"end":{"line":650,"column":86}},"255":{"start":{"line":652,"column":24},"end":{"line":652,"column":72}},"256":{"start":{"line":655,"column":20},"end":{"line":655,"column":92}},"257":{"start":{"line":660,"column":12},"end":{"line":668,"column":13}},"258":{"start":{"line":661,"column":16},"end":{"line":667,"column":17}},"259":{"start":{"line":662,"column":20},"end":{"line":666,"column":21}},"260":{"start":{"line":663,"column":24},"end":{"line":663,"column":116}},"261":{"start":{"line":665,"column":24},"end":{"line":665,"column":97}},"262":{"start":{"line":670,"column":12},"end":{"line":670,"column":72}},"263":{"start":{"line":674,"column":8},"end":{"line":684,"column":9}},"264":{"start":{"line":675,"column":12},"end":{"line":681,"column":14}},"265":{"start":{"line":683,"column":12},"end":{"line":683,"column":65}},"266":{"start":{"line":688,"column":8},"end":{"line":690,"column":9}},"267":{"start":{"line":689,"column":12},"end":{"line":689,"column":60}},"268":{"start":{"line":692,"column":8},"end":{"line":692,"column":77}},"269":{"start":{"line":695,"column":4},"end":{"line":695,"column":22}},"270":{"start":{"line":698,"column":15},"end":{"line":698,"column":32}},"271":{"start":{"line":700,"column":20},"end":{"line":718,"column":5}},"272":{"start":{"line":721,"column":4},"end":{"line":721,"column":69}},"273":{"start":{"line":722,"column":4},"end":{"line":722,"column":119}},"274":{"start":{"line":725,"column":4},"end":{"line":728,"column":5}},"275":{"start":{"line":726,"column":8},"end":{"line":726,"column":68}},"276":{"start":{"line":727,"column":8},"end":{"line":727,"column":118}},"277":{"start":{"line":731,"column":4},"end":{"line":731,"column":69}},"278":{"start":{"line":732,"column":4},"end":{"line":732,"column":119}},"279":{"start":{"line":735,"column":4},"end":{"line":735,"column":79}},"280":{"start":{"line":736,"column":4},"end":{"line":736,"column":44}},"281":{"start":{"line":739,"column":4},"end":{"line":739,"column":61}},"282":{"start":{"line":741,"column":4},"end":{"line":744,"column":5}},"283":{"start":{"line":742,"column":8},"end":{"line":742,"column":43}},"284":{"start":{"line":743,"column":8},"end":{"line":743,"column":60}},"285":{"start":{"line":746,"column":4},"end":{"line":749,"column":6}},"286":{"start":{"line":755,"column":19},"end":{"line":770,"column":2}},"287":{"start":{"line":756,"column":18},"end":{"line":759,"column":63}},"288":{"start":{"line":761,"column":4},"end":{"line":764,"column":5}},"289":{"start":{"line":762,"column":8},"end":{"line":762,"column":23}},"290":{"start":{"line":763,"column":8},"end":{"line":763,"column":42}},"291":{"start":{"line":766,"column":4},"end":{"line":769,"column":6}},"292":{"start":{"line":775,"column":20},"end":{"line":890,"column":2}},"293":{"start":{"line":776,"column":18},"end":{"line":778,"column":45}},"294":{"start":{"line":780,"column":4},"end":{"line":783,"column":5}},"295":{"start":{"line":781,"column":8},"end":{"line":781,"column":23}},"296":{"start":{"line":782,"column":8},"end":{"line":782,"column":42}},"297":{"start":{"line":785,"column":4},"end":{"line":788,"column":5}},"298":{"start":{"line":786,"column":8},"end":{"line":786,"column":23}},"299":{"start":{"line":787,"column":8},"end":{"line":787,"column":41}},"300":{"start":{"line":790,"column":4},"end":{"line":793,"column":5}},"301":{"start":{"line":791,"column":8},"end":{"line":791,"column":23}},"302":{"start":{"line":792,"column":8},"end":{"line":792,"column":51}},"303":{"start":{"line":796,"column":4},"end":{"line":799,"column":5}},"304":{"start":{"line":797,"column":8},"end":{"line":797,"column":23}},"305":{"start":{"line":798,"column":8},"end":{"line":798,"column":93}},"306":{"start":{"line":801,"column":16},"end":{"line":801,"column":26}},"307":{"start":{"line":802,"column":4},"end":{"line":802,"column":30}},"308":{"start":{"line":803,"column":4},"end":{"line":803,"column":27}},"309":{"start":{"line":804,"column":4},"end":{"line":804,"column":64}},"310":{"start":{"line":807,"column":4},"end":{"line":827,"column":5}},"311":{"start":{"line":809,"column":8},"end":{"line":815,"column":9}},"312":{"start":{"line":810,"column":26},"end":{"line":810,"column":74}},"313":{"start":{"line":811,"column":12},"end":{"line":814,"column":13}},"314":{"start":{"line":812,"column":16},"end":{"line":812,"column":92}},"315":{"start":{"line":813,"column":16},"end":{"line":813,"column":64}},"316":{"start":{"line":818,"column":8},"end":{"line":824,"column":9}},"317":{"start":{"line":819,"column":12},"end":{"line":823,"column":13}},"318":{"start":{"line":820,"column":16},"end":{"line":822,"column":18}},"319":{"start":{"line":826,"column":8},"end":{"line":826,"column":58}},"320":{"start":{"line":830,"column":4},"end":{"line":840,"column":5}},"321":{"start":{"line":831,"column":8},"end":{"line":837,"column":10}},"322":{"start":{"line":839,"column":8},"end":{"line":839,"column":61}},"323":{"start":{"line":843,"column":23},"end":{"line":843,"column":79}},"324":{"start":{"line":845,"column":4},"end":{"line":845,"column":22}},"325":{"start":{"line":848,"column":4},"end":{"line":882,"column":5}},"326":{"start":{"line":849,"column":19},"end":{"line":849,"column":36}},"327":{"start":{"line":850,"column":30},"end":{"line":857,"column":9}},"328":{"start":{"line":860,"column":8},"end":{"line":860,"column":79}},"329":{"start":{"line":861,"column":8},"end":{"line":861,"column":74}},"330":{"start":{"line":864,"column":8},"end":{"line":864,"column":84}},"331":{"start":{"line":865,"column":8},"end":{"line":865,"column":54}},"332":{"start":{"line":866,"column":8},"end":{"line":866,"column":49}},"333":{"start":{"line":869,"column":8},"end":{"line":869,"column":71}},"334":{"start":{"line":870,"column":8},"end":{"line":870,"column":66}},"335":{"start":{"line":872,"column":8},"end":{"line":879,"column":9}},"336":{"start":{"line":873,"column":12},"end":{"line":878,"column":14}},"337":{"start":{"line":881,"column":8},"end":{"line":881,"column":56}},"338":{"start":{"line":884,"column":4},"end":{"line":889,"column":6}},"339":{"start":{"line":895,"column":24},"end":{"line":908,"column":2}},"340":{"start":{"line":896,"column":19},"end":{"line":902,"column":15}},"341":{"start":{"line":904,"column":4},"end":{"line":907,"column":6}},"342":{"start":{"line":913,"column":24},"end":{"line":1011,"column":2}},"343":{"start":{"line":914,"column":18},"end":{"line":915,"column":47}},"344":{"start":{"line":917,"column":4},"end":{"line":920,"column":5}},"345":{"start":{"line":918,"column":8},"end":{"line":918,"column":24}},"346":{"start":{"line":919,"column":8},"end":{"line":919,"column":51}},"347":{"start":{"line":923,"column":4},"end":{"line":926,"column":5}},"348":{"start":{"line":924,"column":8},"end":{"line":924,"column":24}},"349":{"start":{"line":925,"column":8},"end":{"line":925,"column":68}},"350":{"start":{"line":929,"column":4},"end":{"line":932,"column":5}},"351":{"start":{"line":930,"column":8},"end":{"line":930,"column":24}},"352":{"start":{"line":931,"column":8},"end":{"line":931,"column":64}},"353":{"start":{"line":935,"column":4},"end":{"line":935,"column":31}},"354":{"start":{"line":936,"column":4},"end":{"line":936,"column":35}},"355":{"start":{"line":937,"column":4},"end":{"line":937,"column":23}},"356":{"start":{"line":940,"column":15},"end":{"line":940,"column":32}},"357":{"start":{"line":941,"column":4},"end":{"line":957,"column":5}},"358":{"start":{"line":942,"column":32},"end":{"line":948,"column":9}},"359":{"start":{"line":951,"column":8},"end":{"line":951,"column":82}},"360":{"start":{"line":952,"column":8},"end":{"line":952,"column":79}},"361":{"start":{"line":955,"column":8},"end":{"line":955,"column":57}},"362":{"start":{"line":956,"column":8},"end":{"line":956,"column":54}},"363":{"start":{"line":960,"column":4},"end":{"line":1000,"column":5}},"364":{"start":{"line":961,"column":22},"end":{"line":961,"column":48}},"365":{"start":{"line":962,"column":22},"end":{"line":962,"column":59}},"366":{"start":{"line":964,"column":8},"end":{"line":999,"column":9}},"367":{"start":{"line":965,"column":12},"end":{"line":965,"column":39}},"368":{"start":{"line":966,"column":12},"end":{"line":966,"column":38}},"369":{"start":{"line":967,"column":12},"end":{"line":967,"column":63}},"370":{"start":{"line":968,"column":12},"end":{"line":968,"column":31}},"371":{"start":{"line":971,"column":34},"end":{"line":971,"column":62}},"372":{"start":{"line":972,"column":12},"end":{"line":998,"column":13}},"373":{"start":{"line":973,"column":16},"end":{"line":976,"column":19}},"374":{"start":{"line":979,"column":16},"end":{"line":985,"column":19}},"375":{"start":{"line":988,"column":16},"end":{"line":997,"column":17}},"376":{"start":{"line":989,"column":20},"end":{"line":996,"column":23}},"377":{"start":{"line":1003,"column":4},"end":{"line":1003,"column":61}},"378":{"start":{"line":1004,"column":4},"end":{"line":1004,"column":62}},"379":{"start":{"line":1006,"column":4},"end":{"line":1010,"column":7}},"380":{"start":{"line":1016,"column":34},"end":{"line":1211,"column":2}},"381":{"start":{"line":1017,"column":24},"end":{"line":1017,"column":32}},"382":{"start":{"line":1020,"column":4},"end":{"line":1023,"column":5}},"383":{"start":{"line":1021,"column":8},"end":{"line":1021,"column":24}},"384":{"start":{"line":1022,"column":8},"end":{"line":1022,"column":70}},"385":{"start":{"line":1025,"column":18},"end":{"line":1028,"column":39}},"386":{"start":{"line":1030,"column":4},"end":{"line":1033,"column":5}},"387":{"start":{"line":1031,"column":8},"end":{"line":1031,"column":24}},"388":{"start":{"line":1032,"column":8},"end":{"line":1032,"column":51}},"389":{"start":{"line":1036,"column":4},"end":{"line":1039,"column":5}},"390":{"start":{"line":1037,"column":8},"end":{"line":1037,"column":24}},"391":{"start":{"line":1038,"column":8},"end":{"line":1038,"column":64}},"392":{"start":{"line":1042,"column":4},"end":{"line":1045,"column":5}},"393":{"start":{"line":1043,"column":8},"end":{"line":1043,"column":24}},"394":{"start":{"line":1044,"column":8},"end":{"line":1044,"column":135}},"395":{"start":{"line":1048,"column":4},"end":{"line":1051,"column":5}},"396":{"start":{"line":1049,"column":8},"end":{"line":1049,"column":24}},"397":{"start":{"line":1050,"column":8},"end":{"line":1050,"column":145}},"398":{"start":{"line":1054,"column":4},"end":{"line":1057,"column":5}},"399":{"start":{"line":1055,"column":8},"end":{"line":1055,"column":24}},"400":{"start":{"line":1056,"column":8},"end":{"line":1056,"column":72}},"401":{"start":{"line":1060,"column":4},"end":{"line":1066,"column":5}},"402":{"start":{"line":1061,"column":8},"end":{"line":1065,"column":11}},"403":{"start":{"line":1069,"column":4},"end":{"line":1069,"column":32}},"404":{"start":{"line":1070,"column":4},"end":{"line":1070,"column":36}},"405":{"start":{"line":1071,"column":4},"end":{"line":1071,"column":36}},"406":{"start":{"line":1073,"column":4},"end":{"line":1073,"column":23}},"407":{"start":{"line":1076,"column":4},"end":{"line":1156,"column":13}},"408":{"start":{"line":1077,"column":8},"end":{"line":1155,"column":9}},"409":{"start":{"line":1079,"column":33},"end":{"line":1079,"column":64}},"410":{"start":{"line":1080,"column":12},"end":{"line":1083,"column":13}},"411":{"start":{"line":1081,"column":16},"end":{"line":1081,"column":92}},"412":{"start":{"line":1082,"column":16},"end":{"line":1082,"column":23}},"413":{"start":{"line":1085,"column":12},"end":{"line":1085,"column":57}},"414":{"start":{"line":1086,"column":12},"end":{"line":1086,"column":48}},"415":{"start":{"line":1087,"column":12},"end":{"line":1087,"column":38}},"416":{"start":{"line":1089,"column":12},"end":{"line":1089,"column":95}},"417":{"start":{"line":1092,"column":12},"end":{"line":1105,"column":13}},"418":{"start":{"line":1093,"column":16},"end":{"line":1098,"column":19}},"419":{"start":{"line":1099,"column":16},"end":{"line":1104,"column":19}},"420":{"start":{"line":1108,"column":12},"end":{"line":1151,"column":22}},"421":{"start":{"line":1109,"column":16},"end":{"line":1150,"column":17}},"422":{"start":{"line":1110,"column":39},"end":{"line":1110,"column":88}},"423":{"start":{"line":1111,"column":20},"end":{"line":1114,"column":21}},"424":{"start":{"line":1112,"column":24},"end":{"line":1112,"column":87}},"425":{"start":{"line":1113,"column":24},"end":{"line":1113,"column":31}},"426":{"start":{"line":1117,"column":20},"end":{"line":1117,"column":94}},"427":{"start":{"line":1119,"column":20},"end":{"line":1119,"column":58}},"428":{"start":{"line":1120,"column":20},"end":{"line":1120,"column":81}},"429":{"start":{"line":1121,"column":20},"end":{"line":1121,"column":44}},"430":{"start":{"line":1124,"column":20},"end":{"line":1133,"column":21}},"431":{"start":{"line":1125,"column":38},"end":{"line":1125,"column":64}},"432":{"start":{"line":1126,"column":44},"end":{"line":1126,"column":86}},"433":{"start":{"line":1127,"column":24},"end":{"line":1132,"column":25}},"434":{"start":{"line":1128,"column":28},"end":{"line":1128,"column":61}},"435":{"start":{"line":1129,"column":28},"end":{"line":1129,"column":60}},"436":{"start":{"line":1130,"column":28},"end":{"line":1130,"column":53}},"437":{"start":{"line":1131,"column":28},"end":{"line":1131,"column":84}},"438":{"start":{"line":1136,"column":20},"end":{"line":1147,"column":21}},"439":{"start":{"line":1137,"column":24},"end":{"line":1141,"column":27}},"440":{"start":{"line":1142,"column":24},"end":{"line":1146,"column":27}},"441":{"start":{"line":1149,"column":20},"end":{"line":1149,"column":72}},"442":{"start":{"line":1154,"column":12},"end":{"line":1154,"column":64}},"443":{"start":{"line":1159,"column":26},"end":{"line":1159,"column":54}},"444":{"start":{"line":1160,"column":4},"end":{"line":1201,"column":5}},"445":{"start":{"line":1162,"column":32},"end":{"line":1172,"column":9}},"446":{"start":{"line":1174,"column":8},"end":{"line":1174,"column":96}},"447":{"start":{"line":1175,"column":8},"end":{"line":1175,"column":96}},"448":{"start":{"line":1178,"column":8},"end":{"line":1178,"column":92}},"449":{"start":{"line":1181,"column":8},"end":{"line":1188,"column":11}},"450":{"start":{"line":1191,"column":8},"end":{"line":1200,"column":11}},"451":{"start":{"line":1204,"column":4},"end":{"line":1204,"column":62}},"452":{"start":{"line":1206,"column":4},"end":{"line":1210,"column":7}},"453":{"start":{"line":1213,"column":33},"end":{"line":1213,"column":66}},"454":{"start":{"line":1218,"column":21},"end":{"line":1262,"column":2}},"455":{"start":{"line":1219,"column":42},"end":{"line":1219,"column":50}},"456":{"start":{"line":1221,"column":4},"end":{"line":1224,"column":5}},"457":{"start":{"line":1222,"column":8},"end":{"line":1222,"column":24}},"458":{"start":{"line":1223,"column":8},"end":{"line":1223,"column":71}},"459":{"start":{"line":1227,"column":23},"end":{"line":1227,"column":62}},"460":{"start":{"line":1228,"column":4},"end":{"line":1231,"column":5}},"461":{"start":{"line":1229,"column":8},"end":{"line":1229,"column":24}},"462":{"start":{"line":1230,"column":8},"end":{"line":1230,"column":67}},"463":{"start":{"line":1232,"column":31},"end":{"line":1232,"column":62}},"464":{"start":{"line":1235,"column":28},"end":{"line":1235,"column":66}},"465":{"start":{"line":1236,"column":4},"end":{"line":1239,"column":5}},"466":{"start":{"line":1237,"column":8},"end":{"line":1237,"column":24}},"467":{"start":{"line":1238,"column":8},"end":{"line":1238,"column":82}},"468":{"start":{"line":1240,"column":31},"end":{"line":1240,"column":46}},"469":{"start":{"line":1243,"column":24},"end":{"line":1243,"column":89}},"470":{"start":{"line":1244,"column":21},"end":{"line":1244,"column":41}},"471":{"start":{"line":1245,"column":30},"end":{"line":1245,"column":50}},"472":{"start":{"line":1248,"column":16},"end":{"line":1248,"column":46}},"473":{"start":{"line":1250,"column":4},"end":{"line":1260,"column":7}},"474":{"start":{"line":1264,"column":0},"end":{"line":1275,"column":1}}},"fnMap":{"0":{"name":"(anonymous_0)","decl":{"start":{"line":18,"column":22},"end":{"line":18,"column":23}},"loc":{"start":{"line":18,"column":65},"end":{"line":74,"column":1}},"line":18},"1":{"name":"(anonymous_1)","decl":{"start":{"line":79,"column":33},"end":{"line":79,"column":34}},"loc":{"start":{"line":79,"column":52},"end":{"line":517,"column":1}},"line":79},"2":{"name":"(anonymous_2)","decl":{"start":{"line":341,"column":44},"end":{"line":341,"column":45}},"loc":{"start":{"line":341,"column":49},"end":{"line":341,"column":96}},"line":341},"3":{"name":"(anonymous_3)","decl":{"start":{"line":393,"column":48},"end":{"line":393,"column":49}},"loc":{"start":{"line":393,"column":57},"end":{"line":399,"column":13}},"line":393},"4":{"name":"(anonymous_4)","decl":{"start":{"line":464,"column":63},"end":{"line":464,"column":64}},"loc":{"start":{"line":464,"column":69},"end":{"line":467,"column":25}},"line":464},"5":{"name":"(anonymous_5)","decl":{"start":{"line":465,"column":58},"end":{"line":465,"column":59}},"loc":{"start":{"line":465,"column":64},"end":{"line":465,"column":107}},"line":465},"6":{"name":"(anonymous_6)","decl":{"start":{"line":467,"column":31},"end":{"line":467,"column":32}},"loc":{"start":{"line":467,"column":38},"end":{"line":473,"column":25}},"line":467},"7":{"name":"(anonymous_7)","decl":{"start":{"line":522,"column":31},"end":{"line":522,"column":32}},"loc":{"start":{"line":522,"column":50},"end":{"line":556,"column":1}},"line":522},"8":{"name":"(anonymous_8)","decl":{"start":{"line":561,"column":34},"end":{"line":561,"column":35}},"loc":{"start":{"line":561,"column":53},"end":{"line":583,"column":1}},"line":561},"9":{"name":"(anonymous_9)","decl":{"start":{"line":588,"column":39},"end":{"line":588,"column":40}},"loc":{"start":{"line":588,"column":58},"end":{"line":750,"column":1}},"line":588},"10":{"name":"(anonymous_10)","decl":{"start":{"line":755,"column":32},"end":{"line":755,"column":33}},"loc":{"start":{"line":755,"column":51},"end":{"line":770,"column":1}},"line":755},"11":{"name":"(anonymous_11)","decl":{"start":{"line":775,"column":33},"end":{"line":775,"column":34}},"loc":{"start":{"line":775,"column":52},"end":{"line":890,"column":1}},"line":775},"12":{"name":"(anonymous_12)","decl":{"start":{"line":895,"column":37},"end":{"line":895,"column":38}},"loc":{"start":{"line":895,"column":56},"end":{"line":908,"column":1}},"line":895},"13":{"name":"(anonymous_13)","decl":{"start":{"line":913,"column":37},"end":{"line":913,"column":38}},"loc":{"start":{"line":913,"column":56},"end":{"line":1011,"column":1}},"line":913},"14":{"name":"(anonymous_14)","decl":{"start":{"line":1016,"column":47},"end":{"line":1016,"column":48}},"loc":{"start":{"line":1016,"column":66},"end":{"line":1211,"column":1}},"line":1016},"15":{"name":"(anonymous_15)","decl":{"start":{"line":1076,"column":15},"end":{"line":1076,"column":16}},"loc":{"start":{"line":1076,"column":26},"end":{"line":1156,"column":5}},"line":1076},"16":{"name":"(anonymous_16)","decl":{"start":{"line":1108,"column":23},"end":{"line":1108,"column":24}},"loc":{"start":{"line":1108,"column":34},"end":{"line":1151,"column":13}},"line":1108},"17":{"name":"(anonymous_17)","decl":{"start":{"line":1218,"column":34},"end":{"line":1218,"column":35}},"loc":{"start":{"line":1218,"column":53},"end":{"line":1262,"column":1}},"line":1218}},"branchMap":{"0":{"loc":{"start":{"line":22,"column":4},"end":{"line":71,"column":5}},"type":"if","locations":[{"start":{"line":22,"column":4},"end":{"line":71,"column":5}},{"start":{"line":65,"column":11},"end":{"line":71,"column":5}}],"line":22},"1":{"loc":{"start":{"line":31,"column":27},"end":{"line":31,"column":128}},"type":"cond-expr","locations":[{"start":{"line":31,"column":57},"end":{"line":31,"column":69}},{"start":{"line":31,"column":72},"end":{"line":31,"column":128}}],"line":31},"2":{"loc":{"start":{"line":31,"column":72},"end":{"line":31,"column":128}},"type":"cond-expr","locations":[{"start":{"line":31,"column":108},"end":{"line":31,"column":118}},{"start":{"line":31,"column":121},"end":{"line":31,"column":128}}],"line":31},"3":{"loc":{"start":{"line":34,"column":37},"end":{"line":34,"column":74}},"type":"binary-expr","locations":[{"start":{"line":34,"column":37},"end":{"line":34,"column":53}},{"start":{"line":34,"column":57},"end":{"line":34,"column":74}}],"line":34},"4":{"loc":{"start":{"line":41,"column":30},"end":{"line":41,"column":96}},"type":"cond-expr","locations":[{"start":{"line":41,"column":65},"end":{"line":41,"column":81}},{"start":{"line":41,"column":84},"end":{"line":41,"column":96}}],"line":41},"5":{"loc":{"start":{"line":41,"column":31},"end":{"line":41,"column":61}},"type":"binary-expr","locations":[{"start":{"line":41,"column":31},"end":{"line":41,"column":41}},{"start":{"line":41,"column":45},"end":{"line":41,"column":61}}],"line":41},"6":{"loc":{"start":{"line":45,"column":24},"end":{"line":46,"column":55}},"type":"cond-expr","locations":[{"start":{"line":46,"column":20},"end":{"line":46,"column":44}},{"start":{"line":46,"column":47},"end":{"line":46,"column":55}}],"line":45},"7":{"loc":{"start":{"line":45,"column":25},"end":{"line":45,"column":70}},"type":"binary-expr","locations":[{"start":{"line":45,"column":25},"end":{"line":45,"column":42}},{"start":{"line":45,"column":46},"end":{"line":45,"column":70}}],"line":45},"8":{"loc":{"start":{"line":65,"column":11},"end":{"line":71,"column":5}},"type":"if","locations":[{"start":{"line":65,"column":11},"end":{"line":71,"column":5}},{"start":{},"end":{}}],"line":65},"9":{"loc":{"start":{"line":92,"column":4},"end":{"line":95,"column":5}},"type":"if","locations":[{"start":{"line":92,"column":4},"end":{"line":95,"column":5}},{"start":{},"end":{}}],"line":92},"10":{"loc":{"start":{"line":92,"column":8},"end":{"line":92,"column":36}},"type":"binary-expr","locations":[{"start":{"line":92,"column":8},"end":{"line":92,"column":14}},{"start":{"line":92,"column":18},"end":{"line":92,"column":36}}],"line":92},"11":{"loc":{"start":{"line":98,"column":4},"end":{"line":101,"column":5}},"type":"if","locations":[{"start":{"line":98,"column":4},"end":{"line":101,"column":5}},{"start":{},"end":{}}],"line":98},"12":{"loc":{"start":{"line":98,"column":8},"end":{"line":98,"column":91}},"type":"binary-expr","locations":[{"start":{"line":98,"column":8},"end":{"line":98,"column":21}},{"start":{"line":98,"column":25},"end":{"line":98,"column":43}},{"start":{"line":98,"column":47},"end":{"line":98,"column":66}},{"start":{"line":98,"column":70},"end":{"line":98,"column":91}}],"line":98},"13":{"loc":{"start":{"line":115,"column":8},"end":{"line":118,"column":9}},"type":"if","locations":[{"start":{"line":115,"column":8},"end":{"line":118,"column":9}},{"start":{},"end":{}}],"line":115},"14":{"loc":{"start":{"line":120,"column":25},"end":{"line":120,"column":109}},"type":"cond-expr","locations":[{"start":{"line":120,"column":72},"end":{"line":120,"column":102}},{"start":{"line":120,"column":105},"end":{"line":120,"column":109}}],"line":120},"15":{"loc":{"start":{"line":120,"column":25},"end":{"line":120,"column":69}},"type":"binary-expr","locations":[{"start":{"line":120,"column":25},"end":{"line":120,"column":43}},{"start":{"line":120,"column":47},"end":{"line":120,"column":69}}],"line":120},"16":{"loc":{"start":{"line":121,"column":8},"end":{"line":124,"column":9}},"type":"if","locations":[{"start":{"line":121,"column":8},"end":{"line":124,"column":9}},{"start":{},"end":{}}],"line":121},"17":{"loc":{"start":{"line":127,"column":8},"end":{"line":129,"column":9}},"type":"if","locations":[{"start":{"line":127,"column":8},"end":{"line":129,"column":9}},{"start":{},"end":{}}],"line":127},"18":{"loc":{"start":{"line":132,"column":8},"end":{"line":135,"column":9}},"type":"if","locations":[{"start":{"line":132,"column":8},"end":{"line":135,"column":9}},{"start":{},"end":{}}],"line":132},"19":{"loc":{"start":{"line":132,"column":12},"end":{"line":132,"column":69}},"type":"binary-expr","locations":[{"start":{"line":132,"column":12},"end":{"line":132,"column":30}},{"start":{"line":132,"column":34},"end":{"line":132,"column":69}}],"line":132},"20":{"loc":{"start":{"line":148,"column":8},"end":{"line":176,"column":9}},"type":"if","locations":[{"start":{"line":148,"column":8},"end":{"line":176,"column":9}},{"start":{},"end":{}}],"line":148},"21":{"loc":{"start":{"line":158,"column":12},"end":{"line":175,"column":13}},"type":"if","locations":[{"start":{"line":158,"column":12},"end":{"line":175,"column":13}},{"start":{},"end":{}}],"line":158},"22":{"loc":{"start":{"line":167,"column":30},"end":{"line":167,"column":60}},"type":"binary-expr","locations":[{"start":{"line":167,"column":30},"end":{"line":167,"column":51}},{"start":{"line":167,"column":55},"end":{"line":167,"column":60}}],"line":167},"23":{"loc":{"start":{"line":179,"column":8},"end":{"line":191,"column":9}},"type":"if","locations":[{"start":{"line":179,"column":8},"end":{"line":191,"column":9}},{"start":{},"end":{}}],"line":179},"24":{"loc":{"start":{"line":180,"column":29},"end":{"line":180,"column":50}},"type":"binary-expr","locations":[{"start":{"line":180,"column":29},"end":{"line":180,"column":45}},{"start":{"line":180,"column":49},"end":{"line":180,"column":50}}],"line":180},"25":{"loc":{"start":{"line":181,"column":12},"end":{"line":190,"column":13}},"type":"if","locations":[{"start":{"line":181,"column":12},"end":{"line":190,"column":13}},{"start":{},"end":{}}],"line":181},"26":{"loc":{"start":{"line":199,"column":8},"end":{"line":201,"column":9}},"type":"if","locations":[{"start":{"line":199,"column":8},"end":{"line":201,"column":9}},{"start":{},"end":{}}],"line":199},"27":{"loc":{"start":{"line":222,"column":4},"end":{"line":225,"column":5}},"type":"if","locations":[{"start":{"line":222,"column":4},"end":{"line":225,"column":5}},{"start":{},"end":{}}],"line":222},"28":{"loc":{"start":{"line":229,"column":4},"end":{"line":232,"column":5}},"type":"if","locations":[{"start":{"line":229,"column":4},"end":{"line":232,"column":5}},{"start":{},"end":{}}],"line":229},"29":{"loc":{"start":{"line":229,"column":8},"end":{"line":229,"column":79}},"type":"binary-expr","locations":[{"start":{"line":229,"column":8},"end":{"line":229,"column":19}},{"start":{"line":229,"column":23},"end":{"line":229,"column":43}},{"start":{"line":229,"column":47},"end":{"line":229,"column":79}}],"line":229},"30":{"loc":{"start":{"line":236,"column":4},"end":{"line":239,"column":5}},"type":"if","locations":[{"start":{"line":236,"column":4},"end":{"line":239,"column":5}},{"start":{},"end":{}}],"line":236},"31":{"loc":{"start":{"line":253,"column":4},"end":{"line":259,"column":5}},"type":"if","locations":[{"start":{"line":253,"column":4},"end":{"line":259,"column":5}},{"start":{"line":255,"column":11},"end":{"line":259,"column":5}}],"line":253},"32":{"loc":{"start":{"line":255,"column":11},"end":{"line":259,"column":5}},"type":"if","locations":[{"start":{"line":255,"column":11},"end":{"line":259,"column":5}},{"start":{"line":257,"column":11},"end":{"line":259,"column":5}}],"line":255},"33":{"loc":{"start":{"line":267,"column":4},"end":{"line":319,"column":5}},"type":"if","locations":[{"start":{"line":267,"column":4},"end":{"line":319,"column":5}},{"start":{},"end":{}}],"line":267},"34":{"loc":{"start":{"line":275,"column":12},"end":{"line":278,"column":13}},"type":"if","locations":[{"start":{"line":275,"column":12},"end":{"line":278,"column":13}},{"start":{},"end":{}}],"line":275},"35":{"loc":{"start":{"line":280,"column":12},"end":{"line":283,"column":13}},"type":"if","locations":[{"start":{"line":280,"column":12},"end":{"line":283,"column":13}},{"start":{},"end":{}}],"line":280},"36":{"loc":{"start":{"line":291,"column":12},"end":{"line":294,"column":13}},"type":"if","locations":[{"start":{"line":291,"column":12},"end":{"line":294,"column":13}},{"start":{},"end":{}}],"line":291},"37":{"loc":{"start":{"line":297,"column":12},"end":{"line":300,"column":13}},"type":"if","locations":[{"start":{"line":297,"column":12},"end":{"line":300,"column":13}},{"start":{},"end":{}}],"line":297},"38":{"loc":{"start":{"line":324,"column":4},"end":{"line":334,"column":5}},"type":"if","locations":[{"start":{"line":324,"column":4},"end":{"line":334,"column":5}},{"start":{},"end":{}}],"line":324},"39":{"loc":{"start":{"line":324,"column":8},"end":{"line":324,"column":82}},"type":"binary-expr","locations":[{"start":{"line":324,"column":8},"end":{"line":324,"column":29}},{"start":{"line":324,"column":33},"end":{"line":324,"column":82}}],"line":324},"40":{"loc":{"start":{"line":339,"column":8},"end":{"line":349,"column":9}},"type":"if","locations":[{"start":{"line":339,"column":8},"end":{"line":349,"column":9}},{"start":{},"end":{}}],"line":339},"41":{"loc":{"start":{"line":339,"column":12},"end":{"line":339,"column":57}},"type":"binary-expr","locations":[{"start":{"line":339,"column":12},"end":{"line":339,"column":31}},{"start":{"line":339,"column":35},"end":{"line":339,"column":57}}],"line":339},"42":{"loc":{"start":{"line":341,"column":12},"end":{"line":348,"column":13}},"type":"if","locations":[{"start":{"line":341,"column":12},"end":{"line":348,"column":13}},{"start":{},"end":{}}],"line":341},"43":{"loc":{"start":{"line":366,"column":14},"end":{"line":366,"column":24}},"type":"binary-expr","locations":[{"start":{"line":366,"column":14},"end":{"line":366,"column":18}},{"start":{"line":366,"column":22},"end":{"line":366,"column":24}}],"line":366},"44":{"loc":{"start":{"line":373,"column":23},"end":{"line":374,"column":45}},"type":"cond-expr","locations":[{"start":{"line":374,"column":12},"end":{"line":374,"column":38}},{"start":{"line":374,"column":41},"end":{"line":374,"column":45}}],"line":373},"45":{"loc":{"start":{"line":373,"column":24},"end":{"line":373,"column":86}},"type":"binary-expr","locations":[{"start":{"line":373,"column":24},"end":{"line":373,"column":35}},{"start":{"line":373,"column":39},"end":{"line":373,"column":56}},{"start":{"line":373,"column":60},"end":{"line":373,"column":86}}],"line":373},"46":{"loc":{"start":{"line":376,"column":22},"end":{"line":376,"column":50}},"type":"cond-expr","locations":[{"start":{"line":376,"column":39},"end":{"line":376,"column":43}},{"start":{"line":376,"column":46},"end":{"line":376,"column":50}}],"line":376},"47":{"loc":{"start":{"line":380,"column":23},"end":{"line":380,"column":45}},"type":"binary-expr","locations":[{"start":{"line":380,"column":23},"end":{"line":380,"column":36}},{"start":{"line":380,"column":40},"end":{"line":380,"column":45}}],"line":380},"48":{"loc":{"start":{"line":381,"column":55},"end":{"line":381,"column":78}},"type":"binary-expr","locations":[{"start":{"line":381,"column":55},"end":{"line":381,"column":72}},{"start":{"line":381,"column":76},"end":{"line":381,"column":78}}],"line":381},"49":{"loc":{"start":{"line":388,"column":33},"end":{"line":388,"column":52}},"type":"binary-expr","locations":[{"start":{"line":388,"column":33},"end":{"line":388,"column":44}},{"start":{"line":388,"column":48},"end":{"line":388,"column":52}}],"line":388},"50":{"loc":{"start":{"line":406,"column":4},"end":{"line":426,"column":5}},"type":"if","locations":[{"start":{"line":406,"column":4},"end":{"line":426,"column":5}},{"start":{},"end":{}}],"line":406},"51":{"loc":{"start":{"line":406,"column":8},"end":{"line":406,"column":40}},"type":"binary-expr","locations":[{"start":{"line":406,"column":8},"end":{"line":406,"column":18}},{"start":{"line":406,"column":22},"end":{"line":406,"column":40}}],"line":406},"52":{"loc":{"start":{"line":453,"column":33},"end":{"line":453,"column":53}},"type":"cond-expr","locations":[{"start":{"line":453,"column":40},"end":{"line":453,"column":49}},{"start":{"line":453,"column":52},"end":{"line":453,"column":53}}],"line":453},"53":{"loc":{"start":{"line":457,"column":16},"end":{"line":483,"column":17}},"type":"if","locations":[{"start":{"line":457,"column":16},"end":{"line":483,"column":17}},{"start":{"line":481,"column":23},"end":{"line":483,"column":17}}],"line":457},"54":{"loc":{"start":{"line":504,"column":8},"end":{"line":507,"column":9}},"type":"if","locations":[{"start":{"line":504,"column":8},"end":{"line":507,"column":9}},{"start":{},"end":{}}],"line":504},"55":{"loc":{"start":{"line":526,"column":4},"end":{"line":540,"column":5}},"type":"if","locations":[{"start":{"line":526,"column":4},"end":{"line":540,"column":5}},{"start":{"line":532,"column":11},"end":{"line":540,"column":5}}],"line":526},"56":{"loc":{"start":{"line":527,"column":8},"end":{"line":530,"column":9}},"type":"if","locations":[{"start":{"line":527,"column":8},"end":{"line":530,"column":9}},{"start":{},"end":{}}],"line":527},"57":{"loc":{"start":{"line":532,"column":11},"end":{"line":540,"column":5}},"type":"if","locations":[{"start":{"line":532,"column":11},"end":{"line":540,"column":5}},{"start":{"line":537,"column":11},"end":{"line":540,"column":5}}],"line":532},"58":{"loc":{"start":{"line":534,"column":8},"end":{"line":536,"column":9}},"type":"if","locations":[{"start":{"line":534,"column":8},"end":{"line":536,"column":9}},{"start":{},"end":{}}],"line":534},"59":{"loc":{"start":{"line":568,"column":4},"end":{"line":571,"column":5}},"type":"if","locations":[{"start":{"line":568,"column":4},"end":{"line":571,"column":5}},{"start":{},"end":{}}],"line":568},"60":{"loc":{"start":{"line":574,"column":4},"end":{"line":577,"column":5}},"type":"if","locations":[{"start":{"line":574,"column":4},"end":{"line":577,"column":5}},{"start":{},"end":{}}],"line":574},"61":{"loc":{"start":{"line":574,"column":8},"end":{"line":574,"column":89}},"type":"binary-expr","locations":[{"start":{"line":574,"column":8},"end":{"line":574,"column":61}},{"start":{"line":574,"column":65},"end":{"line":574,"column":89}}],"line":574},"62":{"loc":{"start":{"line":593,"column":4},"end":{"line":596,"column":5}},"type":"if","locations":[{"start":{"line":593,"column":4},"end":{"line":596,"column":5}},{"start":{},"end":{}}],"line":593},"63":{"loc":{"start":{"line":599,"column":4},"end":{"line":604,"column":5}},"type":"if","locations":[{"start":{"line":599,"column":4},"end":{"line":604,"column":5}},{"start":{},"end":{}}],"line":599},"64":{"loc":{"start":{"line":600,"column":8},"end":{"line":603,"column":9}},"type":"if","locations":[{"start":{"line":600,"column":8},"end":{"line":603,"column":9}},{"start":{},"end":{}}],"line":600},"65":{"loc":{"start":{"line":600,"column":12},"end":{"line":600,"column":102}},"type":"binary-expr","locations":[{"start":{"line":600,"column":12},"end":{"line":600,"column":34}},{"start":{"line":600,"column":38},"end":{"line":600,"column":102}}],"line":600},"66":{"loc":{"start":{"line":607,"column":4},"end":{"line":610,"column":5}},"type":"if","locations":[{"start":{"line":607,"column":4},"end":{"line":610,"column":5}},{"start":{},"end":{}}],"line":607},"67":{"loc":{"start":{"line":607,"column":8},"end":{"line":607,"column":83}},"type":"binary-expr","locations":[{"start":{"line":607,"column":8},"end":{"line":607,"column":30}},{"start":{"line":607,"column":34},"end":{"line":607,"column":83}}],"line":607},"68":{"loc":{"start":{"line":613,"column":4},"end":{"line":616,"column":5}},"type":"if","locations":[{"start":{"line":613,"column":4},"end":{"line":616,"column":5}},{"start":{},"end":{}}],"line":613},"69":{"loc":{"start":{"line":613,"column":8},"end":{"line":613,"column":115}},"type":"binary-expr","locations":[{"start":{"line":613,"column":8},"end":{"line":613,"column":30}},{"start":{"line":613,"column":34},"end":{"line":613,"column":64}},{"start":{"line":613,"column":69},"end":{"line":613,"column":76}},{"start":{"line":613,"column":80},"end":{"line":613,"column":114}}],"line":613},"70":{"loc":{"start":{"line":624,"column":4},"end":{"line":624,"column":55}},"type":"if","locations":[{"start":{"line":624,"column":4},"end":{"line":624,"column":55}},{"start":{},"end":{}}],"line":624},"71":{"loc":{"start":{"line":625,"column":4},"end":{"line":625,"column":55}},"type":"if","locations":[{"start":{"line":625,"column":4},"end":{"line":625,"column":55}},{"start":{},"end":{}}],"line":625},"72":{"loc":{"start":{"line":626,"column":4},"end":{"line":626,"column":47}},"type":"if","locations":[{"start":{"line":626,"column":4},"end":{"line":626,"column":47}},{"start":{},"end":{}}],"line":626},"73":{"loc":{"start":{"line":627,"column":4},"end":{"line":627,"column":54}},"type":"if","locations":[{"start":{"line":627,"column":4},"end":{"line":627,"column":54}},{"start":{},"end":{}}],"line":627},"74":{"loc":{"start":{"line":628,"column":4},"end":{"line":628,"column":57}},"type":"if","locations":[{"start":{"line":628,"column":4},"end":{"line":628,"column":57}},{"start":{},"end":{}}],"line":628},"75":{"loc":{"start":{"line":629,"column":4},"end":{"line":632,"column":5}},"type":"if","locations":[{"start":{"line":629,"column":4},"end":{"line":632,"column":5}},{"start":{},"end":{}}],"line":629},"76":{"loc":{"start":{"line":635,"column":4},"end":{"line":693,"column":5}},"type":"if","locations":[{"start":{"line":635,"column":4},"end":{"line":693,"column":5}},{"start":{},"end":{}}],"line":635},"77":{"loc":{"start":{"line":637,"column":29},"end":{"line":637,"column":97}},"type":"binary-expr","locations":[{"start":{"line":637,"column":29},"end":{"line":637,"column":35}},{"start":{"line":637,"column":39},"end":{"line":637,"column":60}},{"start":{"line":637,"column":64},"end":{"line":637,"column":82}},{"start":{"line":637,"column":86},"end":{"line":637,"column":97}}],"line":637},"78":{"loc":{"start":{"line":642,"column":12},"end":{"line":657,"column":13}},"type":"if","locations":[{"start":{"line":642,"column":12},"end":{"line":657,"column":13}},{"start":{},"end":{}}],"line":642},"79":{"loc":{"start":{"line":642,"column":16},"end":{"line":642,"column":63}},"type":"binary-expr","locations":[{"start":{"line":642,"column":16},"end":{"line":642,"column":36}},{"start":{"line":642,"column":40},"end":{"line":642,"column":63}}],"line":642},"80":{"loc":{"start":{"line":645,"column":20},"end":{"line":653,"column":21}},"type":"if","locations":[{"start":{"line":645,"column":20},"end":{"line":653,"column":21}},{"start":{},"end":{}}],"line":645},"81":{"loc":{"start":{"line":660,"column":12},"end":{"line":668,"column":13}},"type":"if","locations":[{"start":{"line":660,"column":12},"end":{"line":668,"column":13}},{"start":{},"end":{}}],"line":660},"82":{"loc":{"start":{"line":660,"column":16},"end":{"line":660,"column":53}},"type":"binary-expr","locations":[{"start":{"line":660,"column":16},"end":{"line":660,"column":27}},{"start":{"line":660,"column":31},"end":{"line":660,"column":53}}],"line":660},"83":{"loc":{"start":{"line":688,"column":8},"end":{"line":690,"column":9}},"type":"if","locations":[{"start":{"line":688,"column":8},"end":{"line":690,"column":9}},{"start":{},"end":{}}],"line":688},"84":{"loc":{"start":{"line":688,"column":12},"end":{"line":688,"column":43}},"type":"binary-expr","locations":[{"start":{"line":688,"column":12},"end":{"line":688,"column":23}},{"start":{"line":688,"column":27},"end":{"line":688,"column":43}}],"line":688},"85":{"loc":{"start":{"line":717,"column":12},"end":{"line":717,"column":40}},"type":"binary-expr","locations":[{"start":{"line":717,"column":12},"end":{"line":717,"column":22}},{"start":{"line":717,"column":26},"end":{"line":717,"column":40}}],"line":717},"86":{"loc":{"start":{"line":725,"column":4},"end":{"line":728,"column":5}},"type":"if","locations":[{"start":{"line":725,"column":4},"end":{"line":728,"column":5}},{"start":{},"end":{}}],"line":725},"87":{"loc":{"start":{"line":741,"column":4},"end":{"line":744,"column":5}},"type":"if","locations":[{"start":{"line":741,"column":4},"end":{"line":744,"column":5}},{"start":{},"end":{}}],"line":741},"88":{"loc":{"start":{"line":761,"column":4},"end":{"line":764,"column":5}},"type":"if","locations":[{"start":{"line":761,"column":4},"end":{"line":764,"column":5}},{"start":{},"end":{}}],"line":761},"89":{"loc":{"start":{"line":780,"column":4},"end":{"line":783,"column":5}},"type":"if","locations":[{"start":{"line":780,"column":4},"end":{"line":783,"column":5}},{"start":{},"end":{}}],"line":780},"90":{"loc":{"start":{"line":785,"column":4},"end":{"line":788,"column":5}},"type":"if","locations":[{"start":{"line":785,"column":4},"end":{"line":788,"column":5}},{"start":{},"end":{}}],"line":785},"91":{"loc":{"start":{"line":790,"column":4},"end":{"line":793,"column":5}},"type":"if","locations":[{"start":{"line":790,"column":4},"end":{"line":793,"column":5}},{"start":{},"end":{}}],"line":790},"92":{"loc":{"start":{"line":796,"column":4},"end":{"line":799,"column":5}},"type":"if","locations":[{"start":{"line":796,"column":4},"end":{"line":799,"column":5}},{"start":{},"end":{}}],"line":796},"93":{"loc":{"start":{"line":804,"column":25},"end":{"line":804,"column":64}},"type":"binary-expr","locations":[{"start":{"line":804,"column":25},"end":{"line":804,"column":40}},{"start":{"line":804,"column":44},"end":{"line":804,"column":64}}],"line":804},"94":{"loc":{"start":{"line":809,"column":8},"end":{"line":815,"column":9}},"type":"if","locations":[{"start":{"line":809,"column":8},"end":{"line":815,"column":9}},{"start":{},"end":{}}],"line":809},"95":{"loc":{"start":{"line":809,"column":12},"end":{"line":809,"column":59}},"type":"binary-expr","locations":[{"start":{"line":809,"column":12},"end":{"line":809,"column":32}},{"start":{"line":809,"column":36},"end":{"line":809,"column":59}}],"line":809},"96":{"loc":{"start":{"line":811,"column":12},"end":{"line":814,"column":13}},"type":"if","locations":[{"start":{"line":811,"column":12},"end":{"line":814,"column":13}},{"start":{},"end":{}}],"line":811},"97":{"loc":{"start":{"line":818,"column":8},"end":{"line":824,"column":9}},"type":"if","locations":[{"start":{"line":818,"column":8},"end":{"line":824,"column":9}},{"start":{},"end":{}}],"line":818},"98":{"loc":{"start":{"line":818,"column":12},"end":{"line":818,"column":49}},"type":"binary-expr","locations":[{"start":{"line":818,"column":12},"end":{"line":818,"column":23}},{"start":{"line":818,"column":27},"end":{"line":818,"column":49}}],"line":818},"99":{"loc":{"start":{"line":872,"column":8},"end":{"line":879,"column":9}},"type":"if","locations":[{"start":{"line":872,"column":8},"end":{"line":879,"column":9}},{"start":{},"end":{}}],"line":872},"100":{"loc":{"start":{"line":872,"column":12},"end":{"line":872,"column":52}},"type":"binary-expr","locations":[{"start":{"line":872,"column":12},"end":{"line":872,"column":28}},{"start":{"line":872,"column":32},"end":{"line":872,"column":52}}],"line":872},"101":{"loc":{"start":{"line":888,"column":17},"end":{"line":888,"column":106}},"type":"cond-expr","locations":[{"start":{"line":888,"column":52},"end":{"line":888,"column":70}},{"start":{"line":888,"column":73},"end":{"line":888,"column":106}}],"line":888},"102":{"loc":{"start":{"line":888,"column":17},"end":{"line":888,"column":49}},"type":"binary-expr","locations":[{"start":{"line":888,"column":17},"end":{"line":888,"column":27}},{"start":{"line":888,"column":31},"end":{"line":888,"column":49}}],"line":888},"103":{"loc":{"start":{"line":917,"column":4},"end":{"line":920,"column":5}},"type":"if","locations":[{"start":{"line":917,"column":4},"end":{"line":920,"column":5}},{"start":{},"end":{}}],"line":917},"104":{"loc":{"start":{"line":923,"column":4},"end":{"line":926,"column":5}},"type":"if","locations":[{"start":{"line":923,"column":4},"end":{"line":926,"column":5}},{"start":{},"end":{}}],"line":923},"105":{"loc":{"start":{"line":929,"column":4},"end":{"line":932,"column":5}},"type":"if","locations":[{"start":{"line":929,"column":4},"end":{"line":932,"column":5}},{"start":{},"end":{}}],"line":929},"106":{"loc":{"start":{"line":929,"column":8},"end":{"line":929,"column":80}},"type":"binary-expr","locations":[{"start":{"line":929,"column":8},"end":{"line":929,"column":37}},{"start":{"line":929,"column":41},"end":{"line":929,"column":80}}],"line":929},"107":{"loc":{"start":{"line":941,"column":4},"end":{"line":957,"column":5}},"type":"if","locations":[{"start":{"line":941,"column":4},"end":{"line":957,"column":5}},{"start":{},"end":{}}],"line":941},"108":{"loc":{"start":{"line":960,"column":4},"end":{"line":1000,"column":5}},"type":"if","locations":[{"start":{"line":960,"column":4},"end":{"line":1000,"column":5}},{"start":{},"end":{}}],"line":960},"109"
[...]
ine":73,"column":6}},"26":{"start":{"line":79,"column":19},"end":{"line":93,"column":2}},"27":{"start":{"line":80,"column":17},"end":{"line":80,"column":51}},"28":{"start":{"line":82,"column":4},"end":{"line":85,"column":5}},"29":{"start":{"line":83,"column":8},"end":{"line":83,"column":23}},"30":{"start":{"line":84,"column":8},"end":{"line":84,"column":41}},"31":{"start":{"line":87,"column":4},"end":{"line":87,"column":26}},"32":{"start":{"line":89,"column":4},"end":{"line":92,"column":6}},"33":{"start":{"line":98,"column":21},"end":{"line":122,"column":2}},"34":{"start":{"line":99,"column":23},"end":{"line":99,"column":66}},"35":{"start":{"line":100,"column":29},"end":{"line":100,"column":78}},"36":{"start":{"line":101,"column":24},"end":{"line":101,"column":68}},"37":{"start":{"line":104,"column":28},"end":{"line":104,"column":38}},"38":{"start":{"line":105,"column":4},"end":{"line":105,"column":30}},"39":{"start":{"line":106,"column":4},"end":{"line":106,"column":40}},"40":{"start":{"line":108,"column":30},"end":{"line":111,"column":6}},"41":{"start":{"line":113,"column":4},"end":{"line":121,"column":6}},"42":{"start":{"line":127,"column":22},"end":{"line":156,"column":2}},"43":{"start":{"line":128,"column":18},"end":{"line":128,"column":44}},"44":{"start":{"line":130,"column":17},"end":{"line":130,"column":51}},"45":{"start":{"line":132,"column":4},"end":{"line":135,"column":5}},"46":{"start":{"line":133,"column":8},"end":{"line":133,"column":23}},"47":{"start":{"line":134,"column":8},"end":{"line":134,"column":41}},"48":{"start":{"line":138,"column":4},"end":{"line":144,"column":5}},"49":{"start":{"line":142,"column":8},"end":{"line":142,"column":23}},"50":{"start":{"line":143,"column":8},"end":{"line":143,"column":41}},"51":{"start":{"line":146,"column":19},"end":{"line":149,"column":27}},"52":{"start":{"line":151,"column":4},"end":{"line":155,"column":6}},"53":{"start":{"line":161,"column":25},"end":{"line":175,"column":2}},"54":{"start":{"line":162,"column":22},"end":{"line":162,"column":31}},"55":{"start":{"line":164,"column":4},"end":{"line":167,"column":5}},"56":{"start":{"line":165,"column":8},"end":{"line":165,"column":23}},"57":{"start":{"line":166,"column":8},"end":{"line":166,"column":44}},"58":{"start":{"line":169,"column":17},"end":{"line":169,"column":46}},"59":{"start":{"line":171,"column":4},"end":{"line":174,"column":6}},"60":{"start":{"line":177,"column":0},"end":{"line":185,"column":1}}},"fnMap":{"0":{"name":"(anonymous_0)","decl":{"start":{"line":7,"column":30},"end":{"line":7,"column":31}},"loc":{"start":{"line":7,"column":49},"end":{"line":30,"column":1}},"line":7},"1":{"name":"(anonymous_1)","decl":{"start":{"line":35,"column":33},"end":{"line":35,"column":34}},"loc":{"start":{"line":35,"column":52},"end":{"line":47,"column":1}},"line":35},"2":{"name":"(anonymous_2)","decl":{"start":{"line":52,"column":32},"end":{"line":52,"column":33}},"loc":{"start":{"line":52,"column":51},"end":{"line":74,"column":1}},"line":52},"3":{"name":"(anonymous_3)","decl":{"start":{"line":79,"column":32},"end":{"line":79,"column":33}},"loc":{"start":{"line":79,"column":51},"end":{"line":93,"column":1}},"line":79},"4":{"name":"(anonymous_4)","decl":{"start":{"line":98,"column":34},"end":{"line":98,"column":35}},"loc":{"start":{"line":98,"column":53},"end":{"line":122,"column":1}},"line":98},"5":{"name":"(anonymous_5)","decl":{"start":{"line":127,"column":35},"end":{"line":127,"column":36}},"loc":{"start":{"line":127,"column":54},"end":{"line":156,"column":1}},"line":127},"6":{"name":"(anonymous_6)","decl":{"start":{"line":161,"column":38},"end":{"line":161,"column":39}},"loc":{"start":{"line":161,"column":57},"end":{"line":175,"column":1}},"line":161}},"branchMap":{"0":{"loc":{"start":{"line":12,"column":4},"end":{"line":14,"column":5}},"type":"if","locations":[{"start":{"line":12,"column":4},"end":{"line":14,"column":5}},{"start":{},"end":{}}],"line":12},"1":{"loc":{"start":{"line":16,"column":4},"end":{"line":21,"column":5}},"type":"if","locations":[{"start":{"line":16,"column":4},"end":{"line":21,"column":5}},{"start":{},"end":{}}],"line":16},"2":{"loc":{"start":{"line":38,"column":4},"end":{"line":41,"column":5}},"type":"if","locations":[{"start":{"line":38,"column":4},"end":{"line":41,"column":5}},{"start":{},"end":{}}],"line":38},"3":{"loc":{"start":{"line":55,"column":4},"end":{"line":58,"column":5}},"type":"if","locations":[{"start":{"line":55,"column":4},"end":{"line":58,"column":5}},{"start":{},"end":{}}],"line":55},"4":{"loc":{"start":{"line":61,"column":4},"end":{"line":63,"column":5}},"type":"if","locations":[{"start":{"line":61,"column":4},"end":{"line":63,"column":5}},{"start":{},"end":{}}],"line":61},"5":{"loc":{"start":{"line":82,"column":4},"end":{"line":85,"column":5}},"type":"if","locations":[{"start":{"line":82,"column":4},"end":{"line":85,"column":5}},{"start":{},"end":{}}],"line":82},"6":{"loc":{"start":{"line":132,"column":4},"end":{"line":135,"column":5}},"type":"if","locations":[{"start":{"line":132,"column":4},"end":{"line":135,"column":5}},{"start":{},"end":{}}],"line":132},"7":{"loc":{"start":{"line":138,"column":4},"end":{"line":144,"column":5}},"type":"if","locations":[{"start":{"line":138,"column":4},"end":{"line":144,"column":5}},{"start":{},"end":{}}],"line":138},"8":{"loc":{"start":{"line":139,"column":8},"end":{"line":140,"column":55}},"type":"binary-expr","locations":[{"start":{"line":139,"column":8},"end":{"line":139,"column":33}},{"start":{"line":140,"column":8},"end":{"line":140,"column":55}}],"line":139},"9":{"loc":{"start":{"line":164,"column":4},"end":{"line":167,"column":5}},"type":"if","locations":[{"start":{"line":164,"column":4},"end":{"line":167,"column":5}},{"start":{},"end":{}}],"line":164}},"s":{"0":4,"1":4,"2":4,"3":3,"4":3,"5":3,"6":1,"7":3,"8":1,"9":3,"10":3,"11":4,"12":2,"13":2,"14":1,"15":1,"16":1,"17":4,"18":3,"19":3,"20":1,"21":1,"22":2,"23":1,"24":2,"25":2,"26":4,"27":2,"28":2,"29":1,"30":1,"31":1,"32":1,"33":4,"34":1,"35":1,"36":1,"37":1,"38":1,"39":1,"40":1,"41":1,"42":4,"43":2,"44":2,"45":2,"46":1,"47":1,"48":1,"49":0,"50":0,"51":1,"52":1,"53":4,"54":3,"55":3,"56":1,"57":1,"58":2,"59":2,"60":4},"f":{"0":3,"1":2,"2":3,"3":2,"4":1,"5":2,"6":3},"b":{"0":[1,2],"1":[1,2],"2":[1,1],"3":[1,2],"4":[1,1],"5":[1,1],"6":[1,1],"7":[0,1],"8":[1,0],"9":[1,2]},"_coverageSchema":"1a1c01bbd47fc00a2c39e90264f33305004495a9","hash":"bceb5b169496ada4da8188f29270868cea1c8cb2"}
,"D:\\Downloads\\SGU\\1. CNPM\\CNPM\\server_app\\API\\Middleware\\asyncHandler.js": {"path":"D:\\Downloads\\SGU\\1. CNPM\\CNPM\\server_app\\API\\Middleware\\asyncHandler.js","statementMap":{"0":{"start":{"line":1,"column":21},"end":{"line":2,"column":51}},"1":{"start":{"line":1,"column":27},"end":{"line":2,"column":51}},"2":{"start":{"line":2,"column":4},"end":{"line":2,"column":51}},"3":{"start":{"line":4,"column":0},"end":{"line":4,"column":29}}},"fnMap":{"0":{"name":"(anonymous_0)","decl":{"start":{"line":1,"column":21},"end":{"line":1,"column":22}},"loc":{"start":{"line":1,"column":27},"end":{"line":2,"column":51}},"line":1},"1":{"name":"(anonymous_1)","decl":{"start":{"line":1,"column":27},"end":{"line":1,"column":28}},"loc":{"start":{"line":2,"column":4},"end":{"line":2,"column":51}},"line":2}},"branchMap":{},"s":{"0":8,"1":232,"2":90,"3":8},"f":{"0":232,"1":90},"b":{},"_coverageSchema":"1a1c01bbd47fc00a2c39e90264f33305004495a9","hash":"c8ba3198a0e2246e6e8753f8cb3bf19e776fcb6c"}
,"D:\\Downloads\\SGU\\1. CNPM\\CNPM\\server_app\\API\\Middleware\\authMiddleware.js": {"path":"D:\\Downloads\\SGU\\1. CNPM\\CNPM\\server_app\\API\\Middleware\\authMiddleware.js","statementMap":{"0":{"start":{"line":1,"column":12},"end":{"line":1,"column":35}},"1":{"start":{"line":2,"column":21},"end":{"line":2,"column":46}},"2":{"start":{"line":3,"column":13},"end":{"line":3,"column":38}},"3":{"start":{"line":5,"column":16},"end":{"line":36,"column":2}},"4":{"start":{"line":8,"column":4},"end":{"line":30,"column":5}},"5":{"start":{"line":9,"column":8},"end":{"line":29,"column":9}},"6":{"start":{"line":11,"column":12},"end":{"line":11,"column":59}},"7":{"start":{"line":14,"column":28},"end":{"line":14,"column":69}},"8":{"start":{"line":17,"column":12},"end":{"line":17,"column":74}},"9":{"start":{"line":19,"column":12},"end":{"line":22,"column":13}},"10":{"start":{"line":20,"column":16},"end":{"line":20,"column":31}},"11":{"start":{"line":21,"column":16},"end":{"line":21,"column":65}},"12":{"start":{"line":24,"column":12},"end":{"line":24,"column":18}},"13":{"start":{"line":26,"column":12},"end":{"line":26,"column":32}},"14":{"start":{"line":27,"column":12},"end":{"line":27,"column":27}},"15":{"start":{"line":28,"column":12},"end":{"line":28,"column":59}},"16":{"start":{"line":32,"column":4},"end":{"line":35,"column":5}},"17":{"start":{"line":33,"column":8},"end":{"line":33,"column":23}},"18":{"start":{"line":34,"column":8},"end":{"line":34,"column":51}},"19":{"start":{"line":38,"column":18},"end":{"line":46,"column":1}},"20":{"start":{"line":39,"column":4},"end":{"line":45,"column":5}},"21":{"start":{"line":40,"column":8},"end":{"line":43,"column":9}},"22":{"start":{"line":41,"column":12},"end":{"line":41,"column":27}},"23":{"start":{"line":42,"column":12},"end":{"line":42,"column":96}},"24":{"start":{"line":44,"column":8},"end":{"line":44,"column":14}},"25":{"start":{"line":49,"column":14},"end":{"line":56,"column":1}},"26":{"start":{"line":50,"column":4},"end":{"line":55,"column":5}},"27":{"start":{"line":51,"column":8},"end":{"line":51,"column":14}},"28":{"start":{"line":53,"column":8},"end":{"line":53,"column":23}},"29":{"start":{"line":54,"column":8},"end":{"line":54,"column":50}},"30":{"start":{"line":58,"column":0},"end":{"line":58,"column":46}}},"fnMap":{"0":{"name":"(anonymous_0)","decl":{"start":{"line":5,"column":29},"end":{"line":5,"column":30}},"loc":{"start":{"line":5,"column":54},"end":{"line":36,"column":1}},"line":5},"1":{"name":"(anonymous_1)","decl":{"start":{"line":38,"column":18},"end":{"line":38,"column":19}},"loc":{"start":{"line":38,"column":32},"end":{"line":46,"column":1}},"line":38},"2":{"name":"(anonymous_2)","decl":{"start":{"line":39,"column":11},"end":{"line":39,"column":12}},"loc":{"start":{"line":39,"column":31},"end":{"line":45,"column":5}},"line":39},"3":{"name":"(anonymous_3)","decl":{"start":{"line":49,"column":14},"end":{"line":49,"column":15}},"loc":{"start":{"line":49,"column":34},"end":{"line":56,"column":1}},"line":49}},"branchMap":{"0":{"loc":{"start":{"line":8,"column":4},"end":{"line":30,"column":5}},"type":"if","locations":[{"start":{"line":8,"column":4},"end":{"line":30,"column":5}},{"start":{},"end":{}}],"line":8},"1":{"loc":{"start":{"line":8,"column":8},"end":{"line":8,"column":83}},"type":"binary-expr","locations":[{"start":{"line":8,"column":8},"end":{"line":8,"column":33}},{"start":{"line":8,"column":37},"end":{"line":8,"column":83}}],"line":8},"2":{"loc":{"start":{"line":19,"column":12},"end":{"line":22,"column":13}},"type":"if","locations":[{"start":{"line":19,"column":12},"end":{"line":22,"column":13}},{"start":{},"end":{}}],"line":19},"3":{"loc":{"start":{"line":32,"column":4},"end":{"line":35,"column":5}},"type":"if","locations":[{"start":{"line":32,"column":4},"end":{"line":35,"column":5}},{"start":{},"end":{}}],"line":32},"4":{"loc":{"start":{"line":40,"column":8},"end":{"line":43,"column":9}},"type":"if","locations":[{"start":{"line":40,"column":8},"end":{"line":43,"column":9}},{"start":{},"end":{}}],"line":40},"5":{"loc":{"start":{"line":50,"column":4},"end":{"line":55,"column":5}},"type":"if","locations":[{"start":{"line":50,"column":4},"end":{"line":55,"column":5}},{"start":{"line":52,"column":11},"end":{"line":55,"column":5}}],"line":50},"6":{"loc":{"start":{"line":50,"column":8},"end":{"line":50,"column":45}},"type":"binary-expr","locations":[{"start":{"line":50,"column":8},"end":{"line":50,"column":16}},{"start":{"line":50,"column":20},"end":{"line":50,"column":45}}],"line":50}},"s":{"0":4,"1":4,"2":4,"3":4,"4":21,"5":18,"6":18,"7":18,"8":17,"9":17,"10":1,"11":1,"12":16,"13":2,"14":2,"15":2,"16":19,"17":3,"18":3,"19":4,"20":98,"21":2,"22":1,"23":1,"24":1,"25":4,"26":0,"27":0,"28":0,"29":0,"30":4},"f":{"0":21,"1":98,"2":2,"3":0},"b":{"0":[18,3],"1":[21,18],"2":[1,16],"3":[3,16],"4":[1,1],"5":[0,0],"6":[0,0]},"_coverageSchema":"1a1c01bbd47fc00a2c39e90264f33305004495a9","hash":"a6588b2c55ff59767b69feaae116e3d32b3571c6"}
,"D:\\Downloads\\SGU\\1. CNPM\\CNPM\\server_app\\API\\Middleware\\errorMiddleware.js": {"path":"D:\\Downloads\\SGU\\1. CNPM\\CNPM\\server_app\\API\\Middleware\\errorMiddleware.js","statementMap":{"0":{"start":{"line":1,"column":15},"end":{"line":1,"column":41}},"1":{"start":{"line":3,"column":21},"end":{"line":31,"column":1}},"2":{"start":{"line":4,"column":4},"end":{"line":4,"column":51}},"3":{"start":{"line":6,"column":16},"end":{"line":6,"column":25}},"4":{"start":{"line":7,"column":4},"end":{"line":7,"column":31}},"5":{"start":{"line":10,"column":4},"end":{"line":13,"column":5}},"6":{"start":{"line":11,"column":24},"end":{"line":11,"column":44}},"7":{"start":{"line":12,"column":8},"end":{"line":12,"column":44}},"8":{"start":{"line":16,"column":4},"end":{"line":19,"column":5}},"9":{"start":{"line":17,"column":24},"end":{"line":17,"column":55}},"10":{"start":{"line":18,"column":8},"end":{"line":18,"column":44}},"11":{"start":{"line":22,"column":4},"end":{"line":25,"column":5}},"12":{"start":{"line":23,"column":24},"end":{"line":23,"column":73}},"13":{"start":{"line":23,"column":61},"end":{"line":23,"column":72}},"14":{"start":{"line":24,"column":8},"end":{"line":24,"column":44}},"15":{"start":{"line":27,"column":4},"end":{"line":30,"column":6}},"16":{"start":{"line":33,"column":0},"end":{"line":33,"column":33}}},"fnMap":{"0":{"name":"(anonymous_0)","decl":{"start":{"line":3,"column":21},"end":{"line":3,"column":22}},"loc":{"start":{"line":3,"column":46},"end":{"line":31,"column":1}},"line":3},"1":{"name":"(anonymous_1)","decl":{"start":{"line":23,"column":54},"end":{"line":23,"column":55}},"loc":{"start":{"line":23,"column":61},"end":{"line":23,"column":72}},"line":23}},"branchMap":{"0":{"loc":{"start":{"line":10,"column":4},"end":{"line":13,"column":5}},"type":"if","locations":[{"start":{"line":10,"column":4},"end":{"line":13,"column":5}},{"start":{},"end":{}}],"line":10},"1":{"loc":{"start":{"line":16,"column":4},"end":{"line":19,"column":5}},"type":"if","locations":[{"start":{"line":16,"column":4},"end":{"line":19,"column":5}},{"start":{},"end":{}}],"line":16},"2":{"loc":{"start":{"line":22,"column":4},"end":{"line":25,"column":5}},"type":"if","locations":[{"start":{"line":22,"column":4},"end":{"line":25,"column":5}},{"start":{},"end":{}}],"line":22},"3":{"loc":{"start":{"line":27,"column":15},"end":{"line":27,"column":56}},"type":"binary-expr","locations":[{"start":{"line":27,"column":15},"end":{"line":27,"column":31}},{"start":{"line":27,"column":35},"end":{"line":27,"column":49}},{"start":{"line":27,"column":53},"end":{"line":27,"column":56}}],"line":27},"4":{"loc":{"start":{"line":29,"column":15},"end":{"line":29,"column":61}},"type":"binary-expr","locations":[{"start":{"line":29,"column":15},"end":{"line":29,"column":28}},{"start":{"line":29,"column":32},"end":{"line":29,"column":43}},{"start":{"line":29,"column":47},"end":{"line":29,"column":61}}],"line":29}},"s":{"0":4,"1":4,"2":13,"3":13,"4":13,"5":13,"6":1,"7":1,"8":13,"9":1,"10":1,"11":13,"12":1,"13":2,"14":1,"15":13,"16":4},"f":{"0":13,"1":2},"b":{"0":[1,12],"1":[1,12],"2":[1,12],"3":[13,9,9],"4":[13,1,1]},"_coverageSchema":"1a1c01bbd47fc00a2c39e90264f33305004495a9","hash":"b024f00feca7342edaadc78ab2f532f0b5ec656e"}
,"D:\\Downloads\\SGU\\1. CNPM\\CNPM\\server_app\\API\\Routers\\droneRouter.js": {"path":"D:\\Downloads\\SGU\\1. CNPM\\CNPM\\server_app\\API\\Routers\\droneRouter.js","statementMap":{"0":{"start":{"line":1,"column":16},"end":{"line":1,"column":34}},"1":{"start":{"line":2,"column":15},"end":{"line":2,"column":31}},"2":{"start":{"line":15,"column":4},"end":{"line":15,"column":45}},"3":{"start":{"line":20,"column":4},"end":{"line":20,"column":55}},"4":{"start":{"line":21,"column":31},"end":{"line":21,"column":70}},"5":{"start":{"line":23,"column":0},"end":{"line":23,"column":77}},"6":{"start":{"line":24,"column":0},"end":{"line":24,"column":67}},"7":{"start":{"line":25,"column":0},"end":{"line":25,"column":26}},"8":{"start":{"line":26,"column":0},"end":{"line":26,"column":58}},"9":{"start":{"line":27,"column":0},"end":{"line":27,"column":32}},"10":{"start":{"line":28,"column":0},"end":{"line":28,"column":69}},"11":{"start":{"line":29,"column":0},"end":{"line":29,"column":63}},"12":{"start":{"line":30,"column":0},"end":{"line":30,"column":88}},"13":{"start":{"line":31,"column":0},"end":{"line":31,"column":84}},"14":{"start":{"line":32,"column":0},"end":{"line":32,"column":86}},"15":{"start":{"line":33,"column":0},"end":{"line":33,"column":75}},"16":{"start":{"line":34,"column":0},"end":{"line":34,"column":97}},"17":{"start":{"line":35,"column":0},"end":{"line":35,"column":86}},"18":{"start":{"line":36,"column":0},"end":{"line":36,"column":68}},"19":{"start":{"line":38,"column":0},"end":{"line":38,"column":23}}},"fnMap":{},"branchMap":{},"s":{"0":4,"1":4,"2":4,"3":4,"4":4,"5":4,"6":4,"7":4,"8":4,"9":4,"10":4,"11":4,"12":4,"13":4,"14":4,"15":4,"16":4,"17":4,"18":4,"19":4},"f":{},"b":{},"_coverageSchema":"1a1c01bbd47fc00a2c39e90264f33305004495a9","hash":"c82dd19629ce2f0cc1bb16949d1d9358fd106ff1"}
,"D:\\Downloads\\SGU\\1. CNPM\\CNPM\\server_app\\API\\Routers\\orderRouter.js": {"path":"D:\\Downloads\\SGU\\1. CNPM\\CNPM\\server_app\\API\\Routers\\orderRouter.js","statementMap":{"0":{"start":{"line":1,"column":16},"end":{"line":1,"column":34}},"1":{"start":{"line":2,"column":15},"end":{"line":2,"column":31}},"2":{"start":{"line":14,"column":4},"end":{"line":14,"column":45}},"3":{"start":{"line":15,"column":31},"end":{"line":15,"column":70}},"4":{"start":{"line":17,"column":0},"end":{"line":17,"column":52}},"5":{"start":{"line":18,"column":0},"end":{"line":18,"column":48}},"6":{"start":{"line":19,"column":0},"end":{"line":19,"column":79}},"7":{"start":{"line":21,"column":0},"end":{"line":23,"column":31}},"8":{"start":{"line":25,"column":0},"end":{"line":26,"column":31}},"9":{"start":{"line":28,"column":0},"end":{"line":28,"column":89}},"10":{"start":{"line":29,"column":0},"end":{"line":29,"column":49}},"11":{"start":{"line":30,"column":0},"end":{"line":30,"column":62}},"12":{"start":{"line":31,"column":0},"end":{"line":31,"column":108}},"13":{"start":{"line":32,"column":0},"end":{"line":32,"column":45}},"14":{"start":{"line":34,"column":0},"end":{"line":34,"column":23}}},"fnMap":{},"branchMap":{},"s":{"0":4,"1":4,"2":4,"3":4,"4":4,"5":4,"6":4,"7":4,"8":4,"9":4,"10":4,"11":4,"12":4,"13":4,"14":4},"f":{},"b":{},"_coverageSchema":"1a1c01bbd47fc00a2c39e90264f33305004495a9","hash":"7e64cfead56fd4cf8dca59cac08b29dc9fe03589"}
,"D:\\Downloads\\SGU\\1. CNPM\\CNPM\\server_app\\API\\Routers\\productRouter.js": {"path":"D:\\Downloads\\SGU\\1. CNPM\\CNPM\\server_app\\API\\Routers\\productRouter.js","statementMap":{"0":{"start":{"line":1,"column":16},"end":{"line":1,"column":34}},"1":{"start":{"line":2,"column":15},"end":{"line":2,"column":31}},"2":{"start":{"line":3,"column":26},"end":{"line":3,"column":60}},"3":{"start":{"line":11,"column":4},"end":{"line":11,"column":47}},"4":{"start":{"line":12,"column":31},"end":{"line":12,"column":70}},"5":{"start":{"line":14,"column":0},"end":{"line":14,"column":42}},"6":{"start":{"line":15,"column":0},"end":{"line":15,"column":81}},"7":{"start":{"line":17,"column":0},"end":{"line":19,"column":98}},"8":{"start":{"line":21,"column":0},"end":{"line":24,"column":69}},"9":{"start":{"line":26,"column":0},"end":{"line":26,"column":23}}},"fnMap":{},"branchMap":{},"s":{"0":4,"1":4,"2":4,"3":4,"4":4,"5":4,"6":4,"7":4,"8":4,"9":4},"f":{},"b":{},"_coverageSchema":"1a1c01bbd47fc00a2c39e90264f33305004495a9","hash":"ddf5065597e02b86ba8b00cc82f9833ecf2c0948"}
}
