TN:
SF:API\Controllers\droneController.js
FN:7,(anonymous_0)
FN:34,(anonymous_1)
FN:51,(anonymous_2)
FN:80,(anonymous_3)
FN:111,(anonymous_4)
FN:149,(anonymous_5)
FN:183,(anonymous_6)
FN:205,(anonymous_7)
FN:233,(anonymous_8)
FN:320,(anonymous_9)
FN:352,(anonymous_10)
FNF:11
FNH:1
FNDA:0,(anonymous_0)
FNDA:0,(anonymous_1)
FNDA:0,(anonymous_2)
FNDA:0,(anonymous_3)
FNDA:0,(anonymous_4)
FNDA:0,(anonymous_5)
FNDA:0,(anonymous_6)
FNDA:0,(anonymous_7)
FNDA:0,(anonymous_8)
FNDA:2,(anonymous_9)
FNDA:0,(anonymous_10)
DA:1,4
DA:2,4
DA:7,4
DA:8,0
DA:10,0
DA:13,0
DA:14,0
DA:18,0
DA:19,0
DA:22,0
DA:24,0
DA:34,4
DA:35,0
DA:37,0
DA:38,0
DA:39,0
DA:42,0
DA:51,4
DA:53,0
DA:54,0
DA:60,0
DA:63,0
DA:64,0
DA:65,0
DA:71,0
DA:80,4
DA:81,0
DA:83,0
DA:84,0
DA:85,0
DA:88,0
DA:94,0
DA:95,0
DA:96,0
DA:102,0
DA:111,4
DA:112,0
DA:114,0
DA:115,0
DA:116,0
DA:120,0
DA:121,0
DA:122,0
DA:125,0
DA:127,0
DA:130,0
DA:131,0
DA:132,0
DA:139,0
DA:149,4
DA:150,0
DA:152,0
DA:154,0
DA:155,0
DA:156,0
DA:159,0
DA:164,0
DA:167,0
DA:168,0
DA:174,0
DA:183,4
DA:184,0
DA:186,0
DA:188,0
DA:189,0
DA:190,0
DA:193,0
DA:194,0
DA:196,0
DA:205,4
DA:206,0
DA:208,0
DA:210,0
DA:211,0
DA:212,0
DA:215,0
DA:218,0
DA:219,0
DA:222,0
DA:224,0
DA:233,4
DA:234,0
DA:235,0
DA:237,0
DA:239,0
DA:240,0
DA:241,0
DA:244,0
DA:245,0
DA:246,0
DA:249,0
DA:250,0
DA:251,0
DA:254,0
DA:256,0
DA:257,0
DA:258,0
DA:264,0
DA:267,0
DA:270,0
DA:271,0
DA:272,0
DA:275,0
DA:276,0
DA:278,0
DA:283,0
DA:296,0
DA:304,0
DA:305,0
DA:308,0
DA:320,4
DA:321,2
DA:323,2
DA:324,1
DA:325,1
DA:328,1
DA:342,0
DA:352,4
DA:353,0
DA:355,0
DA:357,0
DA:358,0
DA:359,0
DA:363,0
DA:369,0
DA:375,0
DA:377,0
DA:390,4
LF:128
LH:19
BRDA:13,0,0,0
BRDA:13,0,1,0
BRDA:18,1,0,0
BRDA:18,1,1,0
BRDA:37,2,0,0
BRDA:37,2,1,0
BRDA:53,3,0,0
BRDA:53,3,1,0
BRDA:53,4,0,0
BRDA:53,4,1,0
BRDA:64,5,0,0
BRDA:64,5,1,0
BRDA:83,6,0,0
BRDA:83,6,1,0
BRDA:95,7,0,0
BRDA:95,7,1,0
BRDA:114,8,0,0
BRDA:114,8,1,0
BRDA:120,9,0,0
BRDA:120,9,1,0
BRDA:131,10,0,0
BRDA:131,10,1,0
BRDA:154,11,0,0
BRDA:154,11,1,0
BRDA:188,12,0,0
BRDA:188,12,1,0
BRDA:210,13,0,0
BRDA:210,13,1,0
BRDA:218,14,0,0
BRDA:218,14,1,0
BRDA:239,15,0,0
BRDA:239,15,1,0
BRDA:244,16,0,0
BRDA:244,16,1,0
BRDA:249,17,0,0
BRDA:249,17,1,0
BRDA:256,18,0,0
BRDA:256,18,1,0
BRDA:276,19,0,0
BRDA:276,19,1,0
BRDA:321,20,0,2
BRDA:323,21,0,1
BRDA:323,21,1,1
BRDA:323,22,0,2
BRDA:323,22,1,1
BRDA:357,23,0,0
BRDA:357,23,1,0
BRDA:375,24,0,0
BRDA:375,24,1,0
BRF:49
BRH:5
end_of_record
TN:
SF:API\Controllers\orderController.js
FN:18,(anonymous_0)
FN:79,(anonymous_1)
FN:341,(anonymous_2)
FN:393,(anonymous_3)
FN:464,(anonymous_4)
FN:465,(anonymous_5)
FN:467,(anonymous_6)
FN:522,(anonymous_7)
FN:561,(anonymous_8)
FN:588,(anonymous_9)
FN:755,(anonymous_10)
FN:775,(anonymous_11)
FN:895,(anonymous_12)
FN:913,(anonymous_13)
FN:1016,(anonymous_14)
FN:1076,(anonymous_15)
FN:1108,(anonymous_16)
FN:1218,(anonymous_17)
FNF:18
FNH:3
FNDA:0,(anonymous_0)
FNDA:11,(anonymous_1)
FNDA:0,(anonymous_2)
FNDA:5,(anonymous_3)
FNDA:0,(anonymous_4)
FNDA:0,(anonymous_5)
FNDA:0,(anonymous_6)
FNDA:0,(anonymous_7)
FNDA:0,(anonymous_8)
FNDA:0,(anonymous_9)
FNDA:0,(anonymous_10)
FNDA:0,(anonymous_11)
FNDA:0,(anonymous_12)
FNDA:0,(anonymous_13)
FNDA:0,(anonymous_14)
FNDA:0,(anonymous_15)
FNDA:0,(anonymous_16)
FNDA:2,(anonymous_17)
DA:1,4
DA:2,4
DA:3,4
DA:4,4
DA:5,4
DA:6,4
DA:7,4
DA:8,4
DA:9,4
DA:10,4
DA:11,4
DA:12,4
DA:13,4
DA:18,4
DA:19,0
DA:20,0
DA:22,0
DA:23,0
DA:25,0
DA:27,0
DA:41,0
DA:43,0
DA:52,0
DA:54,0
DA:55,0
DA:56,0
DA:63,0
DA:65,0
DA:66,0
DA:70,0
DA:73,0
DA:79,4
DA:88,11
DA:90,11
DA:92,11
DA:93,2
DA:94,2
DA:98,9
DA:99,4
DA:100,4
DA:105,5
DA:106,5
DA:109,5
DA:111,5
DA:113,5
DA:114,5
DA:115,5
DA:116,0
DA:117,0
DA:120,5
DA:121,5
DA:122,0
DA:123,0
DA:127,5
DA:128,5
DA:132,5
DA:133,0
DA:134,0
DA:138,5
DA:139,5
DA:140,5
DA:141,5
DA:146,5
DA:148,5
DA:149,5
DA:150,5
DA:158,5
DA:159,0
DA:160,0
DA:163,0
DA:170,0
DA:179,5
DA:180,5
DA:181,5
DA:182,0
DA:183,0
DA:185,0
DA:194,5
DA:196,5
DA:197,5
DA:199,5
DA:200,5
DA:202,5
DA:203,5
DA:209,5
DA:212,5
DA:222,5
DA:223,0
DA:224,0
DA:228,5
DA:229,5
DA:230,0
DA:231,0
DA:233,5
DA:235,5
DA:236,5
DA:237,0
DA:238,0
DA:240,5
DA:243,5
DA:244,5
DA:245,5
DA:246,5
DA:248,5
DA:249,5
DA:252,5
DA:253,5
DA:254,5
DA:255,0
DA:256,0
DA:258,0
DA:263,5
DA:264,5
DA:265,5
DA:267,5
DA:268,0
DA:270,0
DA:275,0
DA:276,0
DA:277,0
DA:280,0
DA:281,0
DA:282,0
DA:286,0
DA:291,0
DA:292,0
DA:293,0
DA:297,0
DA:298,0
DA:299,0
DA:303,0
DA:305,0
DA:315,0
DA:317,0
DA:321,5
DA:324,5
DA:325,0
DA:337,5
DA:338,5
DA:339,5
DA:341,0
DA:342,0
DA:353,5
DA:361,5
DA:386,5
DA:387,5
DA:393,5
DA:402,0
DA:406,5
DA:407,0
DA:408,0
DA:416,0
DA:420,0
DA:422,0
DA:423,0
DA:424,0
DA:429,5
DA:430,5
DA:431,5
DA:435,0
DA:439,5
DA:442,5
DA:443,5
DA:445,5
DA:448,5
DA:449,5
DA:450,5
DA:452,5
DA:453,0
DA:455,0
DA:457,0
DA:458,0
DA:465,0
DA:466,0
DA:467,0
DA:482,0
DA:485,5
DA:489,0
DA:493,5
DA:494,5
DA:495,5
DA:503,5
DA:504,5
DA:505,0
DA:506,0
DA:508,5
DA:510,0
DA:513,5
DA:522,4
DA:523,0
DA:526,0
DA:527,0
DA:528,0
DA:529,0
DA:531,0
DA:532,0
DA:534,0
DA:535,0
DA:539,0
DA:542,0
DA:552,0
DA:561,4
DA:562,0
DA:568,0
DA:569,0
DA:570,0
DA:574,0
DA:575,0
DA:576,0
DA:579,0
DA:588,4
DA:589,0
DA:591,0
DA:593,0
DA:594,0
DA:595,0
DA:599,0
DA:600,0
DA:601,0
DA:602,0
DA:607,0
DA:608,0
DA:609,0
DA:613,0
DA:614,0
DA:615,0
DA:618,0
DA:621,0
DA:622,0
DA:624,0
DA:625,0
DA:626,0
DA:627,0
DA:628,0
DA:629,0
DA:630,0
DA:631,0
DA:635,0
DA:636,0
DA:637,0
DA:640,0
DA:642,0
DA:643,0
DA:644,0
DA:645,0
DA:647,0
DA:648,0
DA:650,0
DA:652,0
DA:655,0
DA:660,0
DA:661,0
DA:662,0
DA:663,0
DA:665,0
DA:670,0
DA:674,0
DA:675,0
DA:683,0
DA:688,0
DA:689,0
DA:692,0
DA:695,0
DA:698,0
DA:700,0
DA:721,0
DA:722,0
DA:725,0
DA:726,0
DA:727,0
DA:731,0
DA:732,0
DA:735,0
DA:736,0
DA:739,0
DA:741,0
DA:742,0
DA:743,0
DA:746,0
DA:755,4
DA:756,0
DA:761,0
DA:762,0
DA:763,0
DA:766,0
DA:775,4
DA:776,0
DA:780,0
DA:781,0
DA:782,0
DA:785,0
DA:786,0
DA:787,0
DA:790,0
DA:791,0
DA:792,0
DA:796,0
DA:797,0
DA:798,0
DA:801,0
DA:802,0
DA:803,0
DA:804,0
DA:807,0
DA:809,0
DA:810,0
DA:811,0
DA:812,0
DA:813,0
DA:818,0
DA:819,0
DA:820,0
DA:826,0
DA:830,0
DA:831,0
DA:839,0
DA:843,0
DA:845,0
DA:848,0
DA:849,0
DA:850,0
DA:860,0
DA:861,0
DA:864,0
DA:865,0
DA:866,0
DA:869,0
DA:870,0
DA:872,0
DA:873,0
DA:881,0
DA:884,0
DA:895,4
DA:896,0
DA:904,0
DA:913,4
DA:914,0
DA:917,0
DA:918,0
DA:919,0
DA:923,0
DA:924,0
DA:925,0
DA:929,0
DA:930,0
DA:931,0
DA:935,0
DA:936,0
DA:937,0
DA:940,0
DA:941,0
DA:942,0
DA:951,0
DA:952,0
DA:955,0
DA:956,0
DA:960,0
DA:961,0
DA:962,0
DA:964,0
DA:965,0
DA:966,0
DA:967,0
DA:968,0
DA:971,0
DA:972,0
DA:973,0
DA:979,0
DA:988,0
DA:989,0
DA:1003,0
DA:1004,0
DA:1006,0
DA:1016,4
DA:1017,0
DA:1020,0
DA:1021,0
DA:1022,0
DA:1025,0
DA:1030,0
DA:1031,0
DA:1032,0
DA:1036,0
DA:1037,0
DA:1038,0
DA:1042,0
DA:1043,0
DA:1044,0
DA:1048,0
DA:1049,0
DA:1050,0
DA:1054,0
DA:1055,0
DA:1056,0
DA:1060,0
DA:1061,0
DA:1069,0
DA:1070,0
DA:1071,0
DA:1073,0
DA:1076,0
DA:1077,0
DA:1079,0
DA:1080,0
DA:1081,0
DA:1082,0
DA:1085,0
DA:1086,0
DA:1087,0
DA:1089,0
DA:1092,0
DA:1093,0
DA:1099,0
DA:1108,0
DA:1109,0
DA:1110,0
DA:1111,0
DA:1112,0
DA:1113,0
DA:1117,0
DA:1119,0
DA:1120,0
DA:1121,0
DA:1124,0
DA:1125,0
DA:1126,0
DA:1127,0
DA:1128,0
DA:1129,0
DA:1130,0
DA:1131,0
DA:1136,0
DA:1137,0
DA:1142,0
DA:1149,0
DA:1154,0
DA:1159,0
DA:1160,0
DA:1162,0
DA:1174,0
DA:1175,0
DA:1178,0
DA:1181,0
DA:1191,0
DA:1204,0
DA:1206,0
DA:1213,4
DA:1218,4
DA:1219,2
DA:1221,2
DA:1222,2
DA:1223,2
DA:1227,0
DA:1228,0
DA:1229,0
DA:1230,0
DA:1232,0
DA:1235,0
DA:1236,0
DA:1237,0
DA:1238,0
DA:1240,0
DA:1243,0
DA:1244,0
DA:1245,0
DA:1248,0
DA:1250,0
DA:1264,4
LF:468
LH:121
BRDA:22,0,0,0
BRDA:22,0,1,0
BRDA:31,1,0,0
BRDA:31,1,1,0
BRDA:31,2,0,0
BRDA:31,2,1,0
BRDA:34,3,0,0
BRDA:34,3,1,0
BRDA:41,4,0,0
BRDA:41,4,1,0
BRDA:41,5,0,0
BRDA:41,5,1,0
BRDA:45,6,0,0
BRDA:45,6,1,0
BRDA:45,7,0,0
BRDA:45,7,1,0
BRDA:65,8,0,0
BRDA:65,8,1,0
BRDA:92,9,0,2
BRDA:92,9,1,9
BRDA:92,10,0,11
BRDA:92,10,1,10
BRDA:98,11,0,4
BRDA:98,11,1,5
BRDA:98,12,0,9
BRDA:98,12,1,8
BRDA:98,12,2,7
BRDA:98,12,3,6
BRDA:115,13,0,0
BRDA:115,13,1,5
BRDA:120,14,0,5
BRDA:120,14,1,0
BRDA:120,15,0,5
BRDA:120,15,1,5
BRDA:121,16,0,0
BRDA:121,16,1,5
BRDA:127,17,0,5
BRDA:127,17,1,0
BRDA:132,18,0,0
BRDA:132,18,1,5
BRDA:132,19,0,5
BRDA:132,19,1,5
BRDA:148,20,0,5
BRDA:148,20,1,0
BRDA:158,21,0,0
BRDA:158,21,1,5
BRDA:167,22,0,0
BRDA:167,22,1,0
BRDA:179,23,0,5
BRDA:179,23,1,0
BRDA:180,24,0,5
BRDA:180,24,1,5
BRDA:181,25,0,0
BRDA:181,25,1,5
BRDA:199,26,0,5
BRDA:199,26,1,0
BRDA:222,27,0,0
BRDA:222,27,1,5
BRDA:229,28,0,0
BRDA:229,28,1,5
BRDA:229,29,0,5
BRDA:229,29,1,5
BRDA:229,29,2,5
BRDA:236,30,0,0
BRDA:236,30,1,5
BRDA:253,31,0,5
BRDA:253,31,1,0
BRDA:255,32,0,0
BRDA:255,32,1,0
BRDA:267,33,0,0
BRDA:267,33,1,5
BRDA:275,34,0,0
BRDA:275,34,1,0
BRDA:280,35,0,0
BRDA:280,35,1,0
BRDA:291,36,0,0
BRDA:291,36,1,0
BRDA:297,37,0,0
BRDA:297,37,1,0
BRDA:324,38,0,0
BRDA:324,38,1,5
BRDA:324,39,0,5
BRDA:324,39,1,0
BRDA:339,40,0,0
BRDA:339,40,1,5
BRDA:339,41,0,5
BRDA:339,41,1,0
BRDA:341,42,0,0
BRDA:341,42,1,0
BRDA:366,43,0,5
BRDA:366,43,1,4
BRDA:373,44,0,5
BRDA:373,44,1,0
BRDA:373,45,0,5
BRDA:373,45,1,5
BRDA:373,45,2,5
BRDA:376,46,0,0
BRDA:376,46,1,5
BRDA:380,47,0,5
BRDA:380,47,1,0
BRDA:381,48,0,5
BRDA:381,48,1,0
BRDA:388,49,0,5
BRDA:388,49,1,5
BRDA:406,50,0,0
BRDA:406,50,1,5
BRDA:406,51,0,5
BRDA:406,51,1,0
BRDA:453,52,0,0
BRDA:453,52,1,0
BRDA:457,53,0,0
BRDA:457,53,1,0
BRDA:504,54,0,0
BRDA:504,54,1,5
BRDA:526,55,0,0
BRDA:526,55,1,0
BRDA:527,56,0,0
BRDA:527,56,1,0
BRDA:532,57,0,0
BRDA:532,57,1,0
BRDA:534,58,0,0
BRDA:534,58,1,0
BRDA:568,59,0,0
BRDA:568,59,1,0
BRDA:574,60,0,0
BRDA:574,60,1,0
BRDA:574,61,0,0
BRDA:574,61,1,0
BRDA:593,62,0,0
BRDA:593,62,1,0
BRDA:599,63,0,0
BRDA:599,63,1,0
BRDA:600,64,0,0
BRDA:600,64,1,0
BRDA:600,65,0,0
BRDA:600,65,1,0
BRDA:607,66,0,0
BRDA:607,66,1,0
BRDA:607,67,0,0
BRDA:607,67,1,0
BRDA:613,68,0,0
BRDA:613,68,1,0
BRDA:613,69,0,0
BRDA:613,69,1,0
BRDA:613,69,2,0
BRDA:613,69,3,0
BRDA:624,70,0,0
BRDA:624,70,1,0
BRDA:625,71,0,0
BRDA:625,71,1,0
BRDA:626,72,0,0
BRDA:626,72,1,0
BRDA:627,73,0,0
BRDA:627,73,1,0
BRDA:628,74,0,0
BRDA:628,74,1,0
BRDA:629,75,0,0
BRDA:629,75,1,0
BRDA:635,76,0,0
BRDA:635,76,1,0
BRDA:637,77,0,0
BRDA:637,77,1,0
BRDA:637,77,2,0
BRDA:637,77,3,0
BRDA:642,78,0,0
BRDA:642,78,1,0
BRDA:642,79,0,0
BRDA:642,79,1,0
BRDA:645,80,0,0
BRDA:645,80,1,0
BRDA:660,81,0,0
BRDA:660,81,1,0
BRDA:660,82,0,0
BRDA:660,82,1,0
BRDA:688,83,0,0
BRDA:688,83,1,0
BRDA:688,84,0,0
BRDA:688,84,1,0
BRDA:717,85,0,0
BRDA:717,85,1,0
BRDA:725,86,0,0
BRDA:725,86,1,0
BRDA:741,87,0,0
BRDA:741,87,1,0
BRDA:761,88,0,0
BRDA:761,88,1,0
BRDA:780,89,0,0
BRDA:780,89,1,0
BRDA:785,90,0,0
BRDA:785,90,1,0
BRDA:790,91,0,0
BRDA:790,91,1,0
BRDA:796,92,0,0
BRDA:796,92,1,0
BRDA:804,93,0,0
BRDA:804,93,1,0
BRDA:809,94,0,0
BRDA:809,94,1,0
BRDA:809,95,0,0
BRDA:809,95,1,0
BRDA:811,96,0,0
BRDA:811,96,1,0
BRDA:818,97,0,0
BRDA:818,97,1,0
BRDA:818,98,0,0
BRDA:818,98,1,0
BRDA:872,99,0,0
BRDA:872,99,1,0
BRDA:872,100,0,0
BRDA:872,100,1,0
BRDA:888,101,0,0
BRDA:888,101,1,0
BRDA:888,102,0,0
BRDA:888,102,1,0
BRDA:917,103,0,0
BRDA:917,103,1,0
BRDA:923,104,0,0
BRDA:923,104,1,0
BRDA:929,105,0,0
BRDA:929,105,1,0
BRDA:929,106,0,0
BRDA:929,106,1,0
BRDA:941,107,0,0
BRDA:941,107,1,0
BRDA:960,108,0,0
BRDA:960,108,1,0
BRDA:964,109,0,0
BRDA:964,109,1,0
BRDA:967,110,0,0
BRDA:967,110,1,0
BRDA:972,111,0,0
BRDA:972,111,1,0
BRDA:988,112,0,0
BRDA:988,112,1,0
BRDA:1020,113,0,0
BRDA:1020,113,1,0
BRDA:1030,114,0,0
BRDA:1030,114,1,0
BRDA:1036,115,0,0
BRDA:1036,115,1,0
BRDA:1042,116,0,0
BRDA:1042,116,1,0
BRDA:1048,117,0,0
BRDA:1048,117,1,0
BRDA:1048,118,0,0
BRDA:1048,118,1,0
BRDA:1054,119,0,0
BRDA:1054,119,1,0
BRDA:1054,120,0,0
BRDA:1054,120,1,0
BRDA:1060,121,0,0
BRDA:1060,121,1,0
BRDA:1060,122,0,0
BRDA:1060,122,1,0
BRDA:1080,123,0,0
BRDA:1080,123,1,0
BRDA:1080,124,0,0
BRDA:1080,124,1,0
BRDA:1092,125,0,0
BRDA:1092,125,1,0
BRDA:1092,126,0,0
BRDA:1092,126,1,0
BRDA:1111,127,0,0
BRDA:1111,127,1,0
BRDA:1111,128,0,0
BRDA:1111,128,1,0
BRDA:1124,129,0,0
BRDA:1124,129,1,0
BRDA:1127,130,0,0
BRDA:1127,130,1,0
BRDA:1136,131,0,0
BRDA:1136,131,1,0
BRDA:1136,132,0,0
BRDA:1136,132,1,0
BRDA:1160,133,0,0
BRDA:1160,133,1,0
BRDA:1221,134,0,2
BRDA:1221,134,1,0
BRDA:1221,135,0,2
BRDA:1221,135,1,1
BRDA:1228,136,0,0
BRDA:1228,136,1,0
BRDA:1228,137,0,0
BRDA:1228,137,1,0
BRDA:1228,137,2,0
BRDA:1236,138,0,0
BRDA:1236,138,1,0
BRDA:1255,139,0,0
BRDA:1255,139,1,0
BRDA:1255,140,0,0
BRDA:1255,140,1,0
BRDA:1256,141,0,0
BRDA:1256,141,1,0
BRDA:1256,142,0,0
BRDA:1256,142,1,0
BRDA:1256,142,2,0
BRF:296
BRH:55
end_of_record
TN:
SF:API\Controllers\productController.js
FN:8,(anonymous_0)
FN:61,(anonymous_1)
FN:101,(anonymous_2)
FN:147,(anonymous_3)
FN:179,(anonymous_4)
FN:220,(anonymous_5)
FN:239,(anonymous_6)
FN:248,(anonymous_7)
FNF:8
FNH:6
FNDA:5,(anonymous_0)
FNDA:1,(anonymous_1)
FNDA:2,(anonymous_2)
FNDA:3,(anonymous_3)
FNDA:2,(anonymous_4)
FNDA:2,(anonymous_5)
FNDA:0,(anonymous_6)
FNDA:0,(anonymous_7)
DA:1,4
DA:2,4
DA:3,4
DA:8,4
DA:9,5
DA:11,5
DA:14,5
DA:15,1
DA:16,0
DA:17,0
DA:19,1
DA:22,4
DA:26,5
DA:27,1
DA:31,5
DA:32,1
DA:36,5
DA:37,0
DA:41,5
DA:42,1
DA:43,1
DA:44,1
DA:48,5
DA:49,5
DA:50,5
DA:51,5
DA:52,5
DA:54,5
DA:60,5
DA:61,5
DA:62,1
DA:65,1
DA:73,1
DA:74,0
DA:75,0
DA:76,0
DA:78,0
DA:85,0
DA:88,1
DA:91,5
DA:101,4
DA:102,2
DA:106,2
DA:107,1
DA:108,1
DA:111,1
DA:114,1
DA:115,1
DA:123,1
DA:124,0
DA:125,0
DA:126,0
DA:128,0
DA:135,0
DA:138,1
DA:147,4
DA:149,3
DA:150,1
DA:151,1
DA:154,2
DA:160,2
DA:161,1
DA:164,2
DA:167,2
DA:168,2
DA:170,2
DA:179,4
DA:180,2
DA:182,2
DA:183,1
DA:184,1
DA:188,1
DA:190,0
DA:191,0
DA:194,1
DA:197,1
DA:198,0
DA:201,1
DA:204,1
DA:211,1
DA:220,4
DA:221,2
DA:223,2
DA:224,1
DA:225,1
DA:228,1
DA:230,1
DA:239,4
DA:240,0
DA:247,0
DA:248,0
DA:249,0
DA:252,0
DA:260,0
DA:261,0
DA:262,0
DA:263,0
DA:265,0
DA:272,0
DA:275,0
DA:278,0
DA:284,4
LF:102
LH:73
BRDA:14,0,0,1
BRDA:14,0,1,4
BRDA:14,1,0,5
BRDA:14,1,1,1
BRDA:15,2,0,0
BRDA:15,2,1,1
BRDA:26,3,0,1
BRDA:26,3,1,4
BRDA:31,4,0,1
BRDA:31,4,1,4
BRDA:36,5,0,0
BRDA:36,5,1,5
BRDA:36,6,0,5
BRDA:36,6,1,0
BRDA:41,7,0,1
BRDA:41,7,1,4
BRDA:41,8,0,5
BRDA:41,8,1,4
BRDA:43,9,0,1
BRDA:43,9,1,0
BRDA:44,10,0,1
BRDA:44,10,1,0
BRDA:49,11,0,0
BRDA:49,11,1,5
BRDA:50,12,0,0
BRDA:50,12,1,5
BRDA:51,13,0,0
BRDA:51,13,1,5
BRDA:52,14,0,0
BRDA:52,14,1,5
BRDA:73,15,0,0
BRDA:73,15,1,1
BRDA:106,16,0,1
BRDA:106,16,1,1
BRDA:123,17,0,0
BRDA:123,17,1,1
BRDA:149,18,0,1
BRDA:149,18,1,2
BRDA:160,19,0,1
BRDA:160,19,1,1
BRDA:182,20,0,1
BRDA:182,20,1,1
BRDA:188,21,0,0
BRDA:188,21,1,1
BRDA:188,22,0,1
BRDA:188,22,1,1
BRDA:197,23,0,0
BRDA:197,23,1,1
BRDA:223,24,0,1
BRDA:223,24,1,1
BRDA:260,25,0,0
BRDA:260,25,1,0
BRF:52
BRH:37
end_of_record
TN:
SF:API\Controllers\userController.js
FN:7,(anonymous_0)
FN:35,(anonymous_1)
FN:52,(anonymous_2)
FN:79,(anonymous_3)
FN:98,(anonymous_4)
FN:127,(anonymous_5)
FN:161,(anonymous_6)
FNF:7
FNH:7
FNDA:3,(anonymous_0)
FNDA:2,(anonymous_1)
FNDA:3,(anonymous_2)
FNDA:2,(anonymous_3)
FNDA:1,(anonymous_4)
FNDA:2,(anonymous_5)
FNDA:3,(anonymous_6)
DA:1,4
DA:2,4
DA:7,4
DA:8,3
DA:10,3
DA:12,3
DA:13,1
DA:16,3
DA:17,1
DA:23,3
DA:25,3
DA:35,4
DA:36,2
DA:38,2
DA:39,1
DA:40,1
DA:43,1
DA:52,4
DA:53,3
DA:55,3
DA:56,1
DA:57,1
DA:61,2
DA:62,1
DA:65,2
DA:70,2
DA:79,4
DA:80,2
DA:82,2
DA:83,1
DA:84,1
DA:87,1
DA:89,1
DA:98,4
DA:99,1
DA:100,1
DA:101,1
DA:104,1
DA:105,1
DA:106,1
DA:108,1
DA:113,1
DA:127,4
DA:128,2
DA:130,2
DA:132,2
DA:133,1
DA:134,1
DA:138,1
DA:142,0
DA:143,0
DA:146,1
DA:151,1
DA:161,4
DA:162,3
DA:164,3
DA:165,1
DA:166,1
DA:169,2
DA:171,2
DA:177,4
LF:61
LH:59
BRDA:12,0,0,1
BRDA:12,0,1,2
BRDA:16,1,0,1
BRDA:16,1,1,2
BRDA:38,2,0,1
BRDA:38,2,1,1
BRDA:55,3,0,1
BRDA:55,3,1,2
BRDA:61,4,0,1
BRDA:61,4,1,1
BRDA:82,5,0,1
BRDA:82,5,1,1
BRDA:132,6,0,1
BRDA:132,6,1,1
BRDA:138,7,0,0
BRDA:138,7,1,1
BRDA:139,8,0,1
BRDA:139,8,1,0
BRDA:164,9,0,1
BRDA:164,9,1,2
BRF:20
BRH:18
end_of_record
TN:
SF:API\Middleware\asyncHandler.js
FN:1,(anonymous_0)
FN:1,(anonymous_1)
FNF:2
FNH:2
FNDA:232,(anonymous_0)
FNDA:90,(anonymous_1)
DA:1,232
DA:2,90
DA:4,8
LF:3
LH:3
BRF:0
BRH:0
end_of_record
TN:
SF:API\Middleware\authMiddleware.js
FN:5,(anonymous_0)
FN:38,(anonymous_1)
FN:39,(anonymous_2)
FN:49,(anonymous_3)
FNF:4
FNH:3
FNDA:21,(anonymous_0)
FNDA:98,(anonymous_1)
FNDA:2,(anonymous_2)
FNDA:0,(anonymous_3)
DA:1,4
DA:2,4
DA:3,4
DA:5,4
DA:8,21
DA:9,18
DA:11,18
DA:14,18
DA:17,17
DA:19,17
DA:20,1
DA:21,1
DA:24,16
DA:26,2
DA:27,2
DA:28,2
DA:32,19
DA:33,3
DA:34,3
DA:38,4
DA:39,98
DA:40,2
DA:41,1
DA:42,1
DA:44,1
DA:49,4
DA:50,0
DA:51,0
DA:53,0
DA:54,0
DA:58,4
LF:31
LH:27
BRDA:8,0,0,18
BRDA:8,0,1,3
BRDA:8,1,0,21
BRDA:8,1,1,18
BRDA:19,2,0,1
BRDA:19,2,1,16
BRDA:32,3,0,3
BRDA:32,3,1,16
BRDA:40,4,0,1
BRDA:40,4,1,1
BRDA:50,5,0,0
BRDA:50,5,1,0
BRDA:50,6,0,0
BRDA:50,6,1,0
BRF:14
BRH:10
end_of_record
TN:
SF:API\Middleware\errorMiddleware.js
FN:3,(anonymous_0)
FN:23,(anonymous_1)
FNF:2
FNH:2
FNDA:13,(anonymous_0)
FNDA:2,(anonymous_1)
DA:1,4
DA:3,4
DA:4,13
DA:6,13
DA:7,13
DA:10,13
DA:11,1
DA:12,1
DA:16,13
DA:17,1
DA:18,1
DA:22,13
DA:23,2
DA:24,1
DA:27,13
DA:33,4
LF:16
LH:16
BRDA:10,0,0,1
BRDA:10,0,1,12
BRDA:16,1,0,1
BRDA:16,1,1,12
BRDA:22,2,0,1
BRDA:22,2,1,12
BRDA:27,3,0,13
BRDA:27,3,1,9
BRDA:27,3,2,9
BRDA:29,4,0,13
BRDA:29,4,1,1
BRDA:29,4,2,1
BRF:12
BRH:12
end_of_record
TN:
SF:API\Routers\droneRouter.js
FNF:0
FNH:0
DA:1,4
DA:2,4
DA:15,4
DA:20,4
DA:21,4
DA:23,4
DA:24,4
DA:25,4
DA:26,4
DA:27,4
DA:28,4
DA:29,4
DA:30,4
DA:31,4
DA:32,4
DA:33,4
DA:34,4
DA:35,4
DA:36,4
DA:38,4
LF:20
LH:20
BRF:0
BRH:0
end_of_record
TN:
SF:API\Routers\orderRouter.js
FNF:0
FNH:0
DA:1,4
DA:2,4
DA:14,4
DA:15,4
DA:17,4
DA:18,4
DA:19,4
DA:21,4
DA:25,4
DA:28,4
DA:29,4
DA:30,4
DA:31,4
DA:32,4
DA:34,4
LF:15
LH:15
BRF:0
BRH:0
end_of_record
TN:
SF:API\Routers\productRouter.js
FNF:0
FNH:0
DA:1,4
DA:2,4
DA:3,4
DA:11,4
DA:12,4
DA:14,4
DA:15,4
DA:17,4
DA:21,4
DA:26,4
LF:10
LH:10
BRF:0
BRH:0
end_of_record
